This file contains any messages produced by compilers while
running configure, to aid debugging if configure makes a mistake.

It was created by configure, which was
generated by GNU Autoconf 2.64.  Invocation command line was

  $ /home/parallels/os161/toolbuild/binutils-2.24+os161-2.1/ld/configure --cache-file=./config.cache --with-gnu-as --with-gnu-ld --with-system-zlib --nfp --disable-werror --prefix=/home/parallels/os161/tools --program-transform-name=s&^&mips-harvard-os161-& --disable-option-checking --build=aarch64-unknown-linux-gnu --host=aarch64-unknown-linux-gnu --target=mips-harvard-os161 --srcdir=.././ld

## --------- ##
## Platform. ##
## --------- ##

hostname = ubuntu-linux-2404
uname -m = aarch64
uname -r = 6.8.0-40-generic
uname -s = Linux
uname -v = #40-Ubuntu SMP PREEMPT_DYNAMIC Fri Jul  5 11:20:03 UTC 2024

/usr/bin/uname -p = aarch64
/bin/uname -X     = unknown

/bin/arch              = aarch64
/usr/bin/arch -k       = unknown
/usr/convex/getsysinfo = unknown
/usr/bin/hostinfo      = unknown
/bin/machine           = unknown
/usr/bin/oslevel       = unknown
/bin/universe          = unknown

PATH: /usr/local/sbin
PATH: /usr/local/bin
PATH: /usr/sbin
PATH: /usr/bin
PATH: /sbin
PATH: /bin
PATH: /usr/games
PATH: /usr/local/games
PATH: /snap/bin
PATH: /snap/bin


## ----------- ##
## Core tests. ##
## ----------- ##

configure:2524: creating cache ./config.cache
configure:2629: checking build system type
configure:2643: result: aarch64-unknown-linux-gnu
configure:2663: checking host system type
configure:2676: result: aarch64-unknown-linux-gnu
configure:2696: checking target system type
configure:2709: result: mips-harvard-os161
configure:2744: checking for aarch64-unknown-linux-gnu-gcc
configure:2771: result: gcc
configure:3040: checking for C compiler version
configure:3049: gcc --version >&5
gcc (Ubuntu 13.3.0-6ubuntu2~24.04) 13.3.0
Copyright (C) 2023 Free Software Foundation, Inc.
This is free software; see the source for copying conditions.  There is NO
warranty; not even for MERCHANTABILITY or FITNESS FOR A PARTICULAR PURPOSE.

configure:3060: $? = 0
configure:3049: gcc -v >&5
Using built-in specs.
COLLECT_GCC=gcc
COLLECT_LTO_WRAPPER=/usr/libexec/gcc/aarch64-linux-gnu/13/lto-wrapper
OFFLOAD_TARGET_NAMES=nvptx-none
OFFLOAD_TARGET_DEFAULT=1
Target: aarch64-linux-gnu
Configured with: ../src/configure -v --with-pkgversion='Ubuntu 13.3.0-6ubuntu2~24.04' --with-bugurl=file:///usr/share/doc/gcc-13/README.Bugs --enable-languages=c,ada,c++,go,d,fortran,objc,obj-c++,m2 --prefix=/usr --with-gcc-major-version-only --program-suffix=-13 --program-prefix=aarch64-linux-gnu- --enable-shared --enable-linker-build-id --libexecdir=/usr/libexec --without-included-gettext --enable-threads=posix --libdir=/usr/lib --enable-nls --enable-bootstrap --enable-clocale=gnu --enable-libstdcxx-debug --enable-libstdcxx-time=yes --with-default-libstdcxx-abi=new --enable-libstdcxx-backtrace --enable-gnu-unique-object --disable-libquadmath --disable-libquadmath-support --enable-plugin --enable-default-pie --with-system-zlib --enable-libphobos-checking=release --with-target-system-zlib=auto --enable-objc-gc=auto --enable-multiarch --enable-fix-cortex-a53-843419 --disable-werror --enable-offload-targets=nvptx-none=/build/gcc-13-Nz4ro4/gcc-13-13.3.0/debian/tmp-nvptx/usr --enable-offload-defaulted --without-cuda-driver --enable-checking=release --build=aarch64-linux-gnu --host=aarch64-linux-gnu --target=aarch64-linux-gnu --with-build-config=bootstrap-lto-lean --enable-link-serialization=2
Thread model: posix
Supported LTO compression algorithms: zlib zstd
gcc version 13.3.0 (Ubuntu 13.3.0-6ubuntu2~24.04) 
... rest of stderr output deleted ...
configure:3060: $? = 0
configure:3049: gcc -V >&5
gcc: error: unrecognized command-line option '-V'
gcc: fatal error: no input files
compilation terminated.
configure:3060: $? = 1
configure:3049: gcc -qversion >&5
gcc: error: unrecognized command-line option '-qversion'; did you mean '--version'?
gcc: fatal error: no input files
compilation terminated.
configure:3060: $? = 1
configure:3080: checking for C compiler default output file name
configure:3102: gcc -g -O2  -static-libstdc++ -static-libgcc  conftest.c  >&5
configure:3106: $? = 0
configure:3143: result: a.out
configure:3159: checking whether the C compiler works
configure:3168: ./a.out
configure:3172: $? = 0
configure:3187: result: yes
configure:3194: checking whether we are cross compiling
configure:3196: result: no
configure:3199: checking for suffix of executables
configure:3206: gcc -o conftest -g -O2  -static-libstdc++ -static-libgcc  conftest.c  >&5
configure:3210: $? = 0
configure:3232: result: 
configure:3238: checking for suffix of object files
configure:3260: gcc -c -g -O2  conftest.c >&5
configure:3264: $? = 0
configure:3285: result: o
configure:3289: checking whether we are using the GNU C compiler
configure:3308: gcc -c -g -O2  conftest.c >&5
configure:3308: $? = 0
configure:3317: result: yes
configure:3326: checking whether gcc accepts -g
configure:3346: gcc -c -g  conftest.c >&5
configure:3346: $? = 0
configure:3387: result: yes
configure:3404: checking for gcc option to accept ISO C89
configure:3468: gcc  -c -g -O2  conftest.c >&5
configure:3468: $? = 0
configure:3481: result: none needed
configure:3502: checking for library containing strerror
configure:3533: gcc -o conftest -g -O2  -static-libstdc++ -static-libgcc  conftest.c  >&5
configure:3533: $? = 0
configure:3550: result: none required
configure:3576: checking for a BSD-compatible install
configure:3644: result: /usr/bin/install -c
configure:3655: checking whether build environment is sane
configure:3705: result: yes
configure:3846: checking for a thread-safe mkdir -p
configure:3885: result: /usr/bin/mkdir -p
configure:3898: checking for gawk
configure:3925: result: gawk
configure:3936: checking whether make sets $(MAKE)
configure:3958: result: yes
configure:3988: checking for style of include used by make
configure:4016: result: GNU
configure:4101: checking dependency style of gcc
configure:4211: result: gcc3
configure:4228: checking whether to enable maintainer-specific portions of Makefiles
configure:4237: result: no
configure:4380: checking how to run the C preprocessor
configure:4411: gcc -E  conftest.c
configure:4411: $? = 0
configure:4425: gcc -E  conftest.c
conftest.c:12:10: fatal error: ac_nonexistent.h: No such file or directory
   12 | #include <ac_nonexistent.h>
      |          ^~~~~~~~~~~~~~~~~~
compilation terminated.
configure:4425: $? = 1
configure: failed program was:
| /* confdefs.h */
| #define PACKAGE_NAME ""
| #define PACKAGE_TARNAME ""
| #define PACKAGE_VERSION ""
| #define PACKAGE_STRING ""
| #define PACKAGE_BUGREPORT ""
| #define PACKAGE_URL ""
| #define PACKAGE "ld"
| #define VERSION "2.24"
| #define GOT_HANDLING_DEFAULT GOT_HANDLING_TARGET_DEFAULT
| /* end confdefs.h.  */
| #include <ac_nonexistent.h>
configure:4450: result: gcc -E
configure:4470: gcc -E  conftest.c
configure:4470: $? = 0
configure:4484: gcc -E  conftest.c
conftest.c:12:10: fatal error: ac_nonexistent.h: No such file or directory
   12 | #include <ac_nonexistent.h>
      |          ^~~~~~~~~~~~~~~~~~
compilation terminated.
configure:4484: $? = 1
configure: failed program was:
| /* confdefs.h */
| #define PACKAGE_NAME ""
| #define PACKAGE_TARNAME ""
| #define PACKAGE_VERSION ""
| #define PACKAGE_STRING ""
| #define PACKAGE_BUGREPORT ""
| #define PACKAGE_URL ""
| #define PACKAGE "ld"
| #define VERSION "2.24"
| #define GOT_HANDLING_DEFAULT GOT_HANDLING_TARGET_DEFAULT
| /* end confdefs.h.  */
| #include <ac_nonexistent.h>
configure:4513: checking for grep that handles long lines and -e
configure:4571: result: /usr/bin/grep
configure:4576: checking for egrep
configure:4638: result: /usr/bin/grep -E
configure:4718: checking for LC_MESSAGES
configure:4734: gcc -o conftest -g -O2  -static-libstdc++ -static-libgcc  conftest.c  >&5
configure:4734: $? = 0
configure:4742: result: yes
configure:4774: checking for aarch64-unknown-linux-gnu-gcc
configure:4801: result: gcc
configure:5070: checking for C compiler version
configure:5079: gcc --version >&5
gcc (Ubuntu 13.3.0-6ubuntu2~24.04) 13.3.0
Copyright (C) 2023 Free Software Foundation, Inc.
This is free software; see the source for copying conditions.  There is NO
warranty; not even for MERCHANTABILITY or FITNESS FOR A PARTICULAR PURPOSE.

configure:5090: $? = 0
configure:5079: gcc -v >&5
Using built-in specs.
COLLECT_GCC=gcc
COLLECT_LTO_WRAPPER=/usr/libexec/gcc/aarch64-linux-gnu/13/lto-wrapper
OFFLOAD_TARGET_NAMES=nvptx-none
OFFLOAD_TARGET_DEFAULT=1
Target: aarch64-linux-gnu
Configured with: ../src/configure -v --with-pkgversion='Ubuntu 13.3.0-6ubuntu2~24.04' --with-bugurl=file:///usr/share/doc/gcc-13/README.Bugs --enable-languages=c,ada,c++,go,d,fortran,objc,obj-c++,m2 --prefix=/usr --with-gcc-major-version-only --program-suffix=-13 --program-prefix=aarch64-linux-gnu- --enable-shared --enable-linker-build-id --libexecdir=/usr/libexec --without-included-gettext --enable-threads=posix --libdir=/usr/lib --enable-nls --enable-bootstrap --enable-clocale=gnu --enable-libstdcxx-debug --enable-libstdcxx-time=yes --with-default-libstdcxx-abi=new --enable-libstdcxx-backtrace --enable-gnu-unique-object --disable-libquadmath --disable-libquadmath-support --enable-plugin --enable-default-pie --with-system-zlib --enable-libphobos-checking=release --with-target-system-zlib=auto --enable-objc-gc=auto --enable-multiarch --enable-fix-cortex-a53-843419 --disable-werror --enable-offload-targets=nvptx-none=/build/gcc-13-Nz4ro4/gcc-13-13.3.0/debian/tmp-nvptx/usr --enable-offload-defaulted --without-cuda-driver --enable-checking=release --build=aarch64-linux-gnu --host=aarch64-linux-gnu --target=aarch64-linux-gnu --with-build-config=bootstrap-lto-lean --enable-link-serialization=2
Thread model: posix
Supported LTO compression algorithms: zlib zstd
gcc version 13.3.0 (Ubuntu 13.3.0-6ubuntu2~24.04) 
... rest of stderr output deleted ...
configure:5090: $? = 0
configure:5079: gcc -V >&5
gcc: error: unrecognized command-line option '-V'
gcc: fatal error: no input files
compilation terminated.
configure:5090: $? = 1
configure:5079: gcc -qversion >&5
gcc: error: unrecognized command-line option '-qversion'; did you mean '--version'?
gcc: fatal error: no input files
compilation terminated.
configure:5090: $? = 1
configure:5094: checking whether we are using the GNU C compiler
configure:5122: result: yes
configure:5131: checking whether gcc accepts -g
configure:5192: result: yes
configure:5209: checking for gcc option to accept ISO C89
configure:5286: result: none needed
configure:5418: checking for C++ compiler version
configure:5427: g++ --version >&5
g++ (Ubuntu 13.3.0-6ubuntu2~24.04) 13.3.0
Copyright (C) 2023 Free Software Foundation, Inc.
This is free software; see the source for copying conditions.  There is NO
warranty; not even for MERCHANTABILITY or FITNESS FOR A PARTICULAR PURPOSE.

configure:5438: $? = 0
configure:5427: g++ -v >&5
Using built-in specs.
COLLECT_GCC=g++
COLLECT_LTO_WRAPPER=/usr/libexec/gcc/aarch64-linux-gnu/13/lto-wrapper
OFFLOAD_TARGET_NAMES=nvptx-none
OFFLOAD_TARGET_DEFAULT=1
Target: aarch64-linux-gnu
Configured with: ../src/configure -v --with-pkgversion='Ubuntu 13.3.0-6ubuntu2~24.04' --with-bugurl=file:///usr/share/doc/gcc-13/README.Bugs --enable-languages=c,ada,c++,go,d,fortran,objc,obj-c++,m2 --prefix=/usr --with-gcc-major-version-only --program-suffix=-13 --program-prefix=aarch64-linux-gnu- --enable-shared --enable-linker-build-id --libexecdir=/usr/libexec --without-included-gettext --enable-threads=posix --libdir=/usr/lib --enable-nls --enable-bootstrap --enable-clocale=gnu --enable-libstdcxx-debug --enable-libstdcxx-time=yes --with-default-libstdcxx-abi=new --enable-libstdcxx-backtrace --enable-gnu-unique-object --disable-libquadmath --disable-libquadmath-support --enable-plugin --enable-default-pie --with-system-zlib --enable-libphobos-checking=release --with-target-system-zlib=auto --enable-objc-gc=auto --enable-multiarch --enable-fix-cortex-a53-843419 --disable-werror --enable-offload-targets=nvptx-none=/build/gcc-13-Nz4ro4/gcc-13-13.3.0/debian/tmp-nvptx/usr --enable-offload-defaulted --without-cuda-driver --enable-checking=release --build=aarch64-linux-gnu --host=aarch64-linux-gnu --target=aarch64-linux-gnu --with-build-config=bootstrap-lto-lean --enable-link-serialization=2
Thread model: posix
Supported LTO compression algorithms: zlib zstd
gcc version 13.3.0 (Ubuntu 13.3.0-6ubuntu2~24.04) 
... rest of stderr output deleted ...
configure:5438: $? = 0
configure:5427: g++ -V >&5
g++: error: unrecognized command-line option '-V'
g++: fatal error: no input files
compilation terminated.
configure:5438: $? = 1
configure:5427: g++ -qversion >&5
g++: error: unrecognized command-line option '-qversion'; did you mean '--version'?
g++: fatal error: no input files
compilation terminated.
configure:5438: $? = 1
configure:5442: checking whether we are using the GNU C++ compiler
configure:5461: g++ -c -g -O2  conftest.cpp >&5
configure:5461: $? = 0
configure:5470: result: yes
configure:5479: checking whether g++ accepts -g
configure:5499: g++ -c -g  conftest.cpp >&5
configure:5499: $? = 0
configure:5540: result: yes
configure:5565: checking dependency style of g++
configure:5675: result: gcc3
configure:5690: checking for ANSI C header files
configure:5710: gcc -c -g -O2  conftest.c >&5
configure:5710: $? = 0
configure:5783: gcc -o conftest -g -O2  -static-libstdc++ -static-libgcc  conftest.c  >&5
configure:5783: $? = 0
configure:5783: ./conftest
configure:5783: $? = 0
configure:5794: result: yes
configure:5807: checking for sys/types.h
configure:5807: gcc -c -g -O2  conftest.c >&5
configure:5807: $? = 0
configure:5807: result: yes
configure:5807: checking for sys/stat.h
configure:5807: gcc -c -g -O2  conftest.c >&5
configure:5807: $? = 0
configure:5807: result: yes
configure:5807: checking for stdlib.h
configure:5807: gcc -c -g -O2  conftest.c >&5
configure:5807: $? = 0
configure:5807: result: yes
configure:5807: checking for string.h
configure:5807: gcc -c -g -O2  conftest.c >&5
configure:5807: $? = 0
configure:5807: result: yes
configure:5807: checking for memory.h
configure:5807: gcc -c -g -O2  conftest.c >&5
configure:5807: $? = 0
configure:5807: result: yes
configure:5807: checking for strings.h
configure:5807: gcc -c -g -O2  conftest.c >&5
configure:5807: $? = 0
configure:5807: result: yes
configure:5807: checking for inttypes.h
configure:5807: gcc -c -g -O2  conftest.c >&5
configure:5807: $? = 0
configure:5807: result: yes
configure:5807: checking for stdint.h
configure:5807: gcc -c -g -O2  conftest.c >&5
configure:5807: $? = 0
configure:5807: result: yes
configure:5807: checking for unistd.h
configure:5807: gcc -c -g -O2  conftest.c >&5
configure:5807: $? = 0
configure:5807: result: yes
configure:5821: checking minix/config.h usability
configure:5821: gcc -c -g -O2  conftest.c >&5
conftest.c:56:10: fatal error: minix/config.h: No such file or directory
   56 | #include <minix/config.h>
      |          ^~~~~~~~~~~~~~~~
compilation terminated.
configure:5821: $? = 1
configure: failed program was:
| /* confdefs.h */
| #define PACKAGE_NAME ""
| #define PACKAGE_TARNAME ""
| #define PACKAGE_VERSION ""
| #define PACKAGE_STRING ""
| #define PACKAGE_BUGREPORT ""
| #define PACKAGE_URL ""
| #define PACKAGE "ld"
| #define VERSION "2.24"
| #define GOT_HANDLING_DEFAULT GOT_HANDLING_TARGET_DEFAULT
| #define HAVE_LC_MESSAGES 1
| #define STDC_HEADERS 1
| #define HAVE_SYS_TYPES_H 1
| #define HAVE_SYS_STAT_H 1
| #define HAVE_STDLIB_H 1
| #define HAVE_STRING_H 1
| #define HAVE_MEMORY_H 1
| #define HAVE_STRINGS_H 1
| #define HAVE_INTTYPES_H 1
| #define HAVE_STDINT_H 1
| #define HAVE_UNISTD_H 1
| /* end confdefs.h.  */
| #include <stdio.h>
| #ifdef HAVE_SYS_TYPES_H
| # include <sys/types.h>
| #endif
| #ifdef HAVE_SYS_STAT_H
| # include <sys/stat.h>
| #endif
| #ifdef STDC_HEADERS
| # include <stdlib.h>
| # include <stddef.h>
| #else
| # ifdef HAVE_STDLIB_H
| #  include <stdlib.h>
| # endif
| #endif
| #ifdef HAVE_STRING_H
| # if !defined STDC_HEADERS && defined HAVE_MEMORY_H
| #  include <memory.h>
| # endif
| # include <string.h>
| #endif
| #ifdef HAVE_STRINGS_H
| # include <strings.h>
| #endif
| #ifdef HAVE_INTTYPES_H
| # include <inttypes.h>
| #endif
| #ifdef HAVE_STDINT_H
| # include <stdint.h>
| #endif
| #ifdef HAVE_UNISTD_H
| # include <unistd.h>
| #endif
| #include <minix/config.h>
configure:5821: result: no
configure:5821: checking minix/config.h presence
configure:5821: gcc -E  conftest.c
conftest.c:23:10: fatal error: minix/config.h: No such file or directory
   23 | #include <minix/config.h>
      |          ^~~~~~~~~~~~~~~~
compilation terminated.
configure:5821: $? = 1
configure: failed program was:
| /* confdefs.h */
| #define PACKAGE_NAME ""
| #define PACKAGE_TARNAME ""
| #define PACKAGE_VERSION ""
| #define PACKAGE_STRING ""
| #define PACKAGE_BUGREPORT ""
| #define PACKAGE_URL ""
| #define PACKAGE "ld"
| #define VERSION "2.24"
| #define GOT_HANDLING_DEFAULT GOT_HANDLING_TARGET_DEFAULT
| #define HAVE_LC_MESSAGES 1
| #define STDC_HEADERS 1
| #define HAVE_SYS_TYPES_H 1
| #define HAVE_SYS_STAT_H 1
| #define HAVE_STDLIB_H 1
| #define HAVE_STRING_H 1
| #define HAVE_MEMORY_H 1
| #define HAVE_STRINGS_H 1
| #define HAVE_INTTYPES_H 1
| #define HAVE_STDINT_H 1
| #define HAVE_UNISTD_H 1
| /* end confdefs.h.  */
| #include <minix/config.h>
configure:5821: result: no
configure:5821: checking for minix/config.h
configure:5821: result: no
configure:5842: checking whether it is safe to define __EXTENSIONS__
configure:5860: gcc -c -g -O2  conftest.c >&5
configure:5860: $? = 0
configure:5867: result: yes
configure:5926: checking for special C compiler options needed for large files
configure:5971: result: no
configure:5977: checking for _FILE_OFFSET_BITS value needed for large files
configure:6002: gcc -c -g -O2  conftest.c >&5
configure:6002: $? = 0
configure:6034: result: no
configure:6166: checking how to print strings
configure:6193: result: printf
configure:6214: checking for a sed that does not truncate output
configure:6278: result: /usr/bin/sed
configure:6296: checking for fgrep
configure:6358: result: /usr/bin/grep -F
configure:6393: checking for ld used by gcc
configure:6460: result: ld
configure:6467: checking if the linker (ld) is GNU ld
configure:6482: result: yes
configure:6494: checking for BSD- or MS-compatible name lister (nm)
configure:6543: result: nm
configure:6673: checking the name lister (nm) interface
configure:6680: gcc -c -g -O2  conftest.c >&5
configure:6683: nm "conftest.o"
configure:6686: output
0000000000000000 B some_variable
configure:6693: result: BSD nm
configure:6696: checking whether ln -s works
configure:6700: result: yes
configure:6708: checking the maximum length of command line arguments
configure:6833: result: 1572864
configure:6850: checking whether the shell understands some XSI constructs
configure:6860: result: yes
configure:6864: checking whether the shell understands "+="
configure:6870: result: yes
configure:6905: checking for ld option to reload object files
configure:6912: result: -r
configure:6941: checking for aarch64-unknown-linux-gnu-objdump
configure:6968: result: objdump
configure:7040: checking how to recognize dependent libraries
configure:7241: result: pass_all
configure:7261: checking for aarch64-unknown-linux-gnu-ar
configure:7288: result: ar
configure:7366: checking for aarch64-unknown-linux-gnu-strip
configure:7396: result: no
configure:7406: checking for strip
configure:7422: found /usr/bin/strip
configure:7433: result: strip
configure:7465: checking for aarch64-unknown-linux-gnu-ranlib
configure:7492: result: ranlib
configure:7634: checking command to parse nm output from gcc object
configure:7752: gcc -c -g -O2  conftest.c >&5
configure:7755: $? = 0
configure:7759: nm conftest.o \| sed -n -e 's/^.*[ ]\([ABCDGIRSTW][ABCDGIRSTW]*\)[ ][ ]*\([_A-Za-z][_A-Za-z0-9]*\)$/\1 \2 \2/p' \> conftest.nm
configure:7762: $? = 0
configure:7816: gcc -o conftest -g -O2  -static-libstdc++ -static-libgcc  conftest.c conftstm.o >&5
configure:7819: $? = 0
configure:7857: result: ok
configure:8705: checking for dlfcn.h
configure:8705: gcc -c -g -O2  conftest.c >&5
configure:8705: $? = 0
configure:8705: result: yes
configure:8893: checking for objdir
configure:8908: result: .libs
configure:9179: checking if gcc supports -fno-rtti -fno-exceptions
configure:9197: gcc -c -g -O2  -fno-rtti -fno-exceptions conftest.c >&5
cc1: warning: command-line option '-fno-rtti' is valid for C++/D/ObjC++ but not for C
configure:9201: $? = 0
configure:9214: result: no
configure:9234: checking for gcc option to produce PIC
configure:9520: result: -fPIC -DPIC
configure:9532: checking if gcc PIC flag -fPIC -DPIC works
configure:9550: gcc -c -g -O2  -fPIC -DPIC -DPIC conftest.c >&5
configure:9554: $? = 0
configure:9567: result: yes
configure:9591: checking if gcc static flag -static works
configure:9619: result: yes
configure:9634: checking if gcc supports -c -o file.o
configure:9655: gcc -c -g -O2  -o out/conftest2.o conftest.c >&5
configure:9659: $? = 0
configure:9681: result: yes
configure:9689: checking if gcc supports -c -o file.o
configure:9736: result: yes
configure:9769: checking whether the gcc linker (ld) supports shared libraries
configure:10840: result: yes
configure:10877: checking whether -lc should be explicitly linked in
configure:10885: gcc -c -g -O2  conftest.c >&5
configure:10888: $? = 0
configure:10903: gcc -shared conftest.o  -v -Wl,-soname -Wl,conftest -o conftest 2\>\&1 \| /usr/bin/grep  -lc  \>/dev/null 2\>\&1
configure:10906: $? = 0
configure:10920: result: no
configure:11085: checking dynamic linker characteristics
configure:11536: gcc -o conftest -g -O2  -static-libstdc++ -static-libgcc  -Wl,-rpath -Wl,/foo conftest.c  >&5
configure:11536: $? = 0
configure:11758: result: GNU/Linux ld.so
configure:11865: checking how to hardcode library paths into programs
configure:11890: result: immediate
configure:12430: checking whether stripping libraries is possible
configure:12435: result: yes
configure:12470: checking if libtool supports shared libraries
configure:12472: result: yes
configure:12475: checking whether to build shared libraries
configure:12496: result: yes
configure:12499: checking whether to build static libraries
configure:12503: result: yes
configure:12526: checking how to run the C++ preprocessor
configure:12553: g++ -E  conftest.cpp
configure:12553: $? = 0
configure:12567: g++ -E  conftest.cpp
conftest.cpp:30:10: fatal error: ac_nonexistent.h: No such file or directory
   30 | #include <ac_nonexistent.h>
      |          ^~~~~~~~~~~~~~~~~~
compilation terminated.
configure:12567: $? = 1
configure: failed program was:
| /* confdefs.h */
| #define PACKAGE_NAME ""
| #define PACKAGE_TARNAME ""
| #define PACKAGE_VERSION ""
| #define PACKAGE_STRING ""
| #define PACKAGE_BUGREPORT ""
| #define PACKAGE_URL ""
| #define PACKAGE "ld"
| #define VERSION "2.24"
| #define GOT_HANDLING_DEFAULT GOT_HANDLING_TARGET_DEFAULT
| #define HAVE_LC_MESSAGES 1
| #define STDC_HEADERS 1
| #define HAVE_SYS_TYPES_H 1
| #define HAVE_SYS_STAT_H 1
| #define HAVE_STDLIB_H 1
| #define HAVE_STRING_H 1
| #define HAVE_MEMORY_H 1
| #define HAVE_STRINGS_H 1
| #define HAVE_INTTYPES_H 1
| #define HAVE_STDINT_H 1
| #define HAVE_UNISTD_H 1
| #define __EXTENSIONS__ 1
| #define _ALL_SOURCE 1
| #define _GNU_SOURCE 1
| #define _POSIX_PTHREAD_SEMANTICS 1
| #define _TANDEM_SOURCE 1
| #define HAVE_DLFCN_H 1
| #define LT_OBJDIR ".libs/"
| /* end confdefs.h.  */
| #include <ac_nonexistent.h>
configure:12592: result: g++ -E
configure:12612: g++ -E  conftest.cpp
configure:12612: $? = 0
configure:12626: g++ -E  conftest.cpp
conftest.cpp:30:10: fatal error: ac_nonexistent.h: No such file or directory
   30 | #include <ac_nonexistent.h>
      |          ^~~~~~~~~~~~~~~~~~
compilation terminated.
configure:12626: $? = 1
configure: failed program was:
| /* confdefs.h */
| #define PACKAGE_NAME ""
| #define PACKAGE_TARNAME ""
| #define PACKAGE_VERSION ""
| #define PACKAGE_STRING ""
| #define PACKAGE_BUGREPORT ""
| #define PACKAGE_URL ""
| #define PACKAGE "ld"
| #define VERSION "2.24"
| #define GOT_HANDLING_DEFAULT GOT_HANDLING_TARGET_DEFAULT
| #define HAVE_LC_MESSAGES 1
| #define STDC_HEADERS 1
| #define HAVE_SYS_TYPES_H 1
| #define HAVE_SYS_STAT_H 1
| #define HAVE_STDLIB_H 1
| #define HAVE_STRING_H 1
| #define HAVE_MEMORY_H 1
| #define HAVE_STRINGS_H 1
| #define HAVE_INTTYPES_H 1
| #define HAVE_STDINT_H 1
| #define HAVE_UNISTD_H 1
| #define __EXTENSIONS__ 1
| #define _ALL_SOURCE 1
| #define _GNU_SOURCE 1
| #define _POSIX_PTHREAD_SEMANTICS 1
| #define _TANDEM_SOURCE 1
| #define HAVE_DLFCN_H 1
| #define LT_OBJDIR ".libs/"
| /* end confdefs.h.  */
| #include <ac_nonexistent.h>
configure:12794: checking for ld used by g++
configure:12861: result: ld
configure:12868: checking if the linker (ld) is GNU ld
configure:12883: result: yes
configure:12938: checking whether the g++ linker (ld) supports shared libraries
configure:13870: result: yes
configure:13898: g++ -c -g -O2  conftest.cpp >&5
configure:13901: $? = 0
configure:14083: checking for g++ option to produce PIC
configure:14406: result: -fPIC -DPIC
configure:14415: checking if g++ PIC flag -fPIC -DPIC works
configure:14433: g++ -c -g -O2  -fPIC -DPIC -DPIC conftest.cpp >&5
configure:14437: $? = 0
configure:14450: result: yes
configure:14471: checking if g++ static flag -static works
configure:14499: result: yes
configure:14511: checking if g++ supports -c -o file.o
configure:14532: g++ -c -g -O2  -o out/conftest2.o conftest.cpp >&5
configure:14536: $? = 0
configure:14558: result: yes
configure:14563: checking if g++ supports -c -o file.o
configure:14610: result: yes
configure:14640: checking whether the g++ linker (ld) supports shared libraries
configure:14668: result: yes
configure:14811: checking dynamic linker characteristics
configure:15418: result: GNU/Linux ld.so
configure:15471: checking how to hardcode library paths into programs
configure:15496: result: immediate
configure:15569: checking whether NLS is requested
configure:15575: result: yes
configure:15581: checking for catalogs to be installed
configure:15613: result:  bg da es fi fr ga id it ja sv tr uk vi zh_CN zh_TW bg da es fi fr ga id it ja sv tr uk vi zh_CN zh_TW
configure:15640: checking whether NLS is requested
configure:15649: result: yes
configure:15687: checking for msgfmt
configure:15721: result: no
configure:15727: checking for gmsgfmt
configure:15758: result: :
configure:15798: checking for xgettext
configure:15832: result: no
configure:15869: checking for msgmerge
configure:15902: result: no
configure:15941: checking for bison
configure:15968: result: /home/parallels/os161/toolbuild/binutils-2.24+os161-2.1/missing bison -y
configure:15984: checking for flex
configure:16011: result: /home/parallels/os161/toolbuild/binutils-2.24+os161-2.1/missing flex
configure:16048: /home/parallels/os161/toolbuild/binutils-2.24+os161-2.1/missing flex conftest.l
WARNING: `flex' is missing on your system.  You should only need it if
         you modified a `.l' file.  You may need the `Flex' package
         in order for those modifications to take effect.  You can get
         `Flex' from any GNU archive site.
configure:16052: $? = 0
configure:16054: checking lex output file root
configure:16068: result: lex.yy
configure:16073: checking lex library
configure:16087: gcc -o conftest -g -O2  -static-libstdc++ -static-libgcc  conftest.c   >&5
conftest.c:31:1: warning: return type defaults to 'int' [-Wimplicit-int]
   31 | main() { return 0; }
      | ^~~~
configure:16087: $? = 0
configure:16097: result: 
configure:16103: checking whether yytext is a pointer
configure:16119: gcc -o conftest -g -O2  -static-libstdc++ -static-libgcc  conftest.c   >&5
conftest.c:32:1: warning: return type defaults to 'int' [-Wimplicit-int]
   32 | main() { return 0; }
      | ^~~~
configure:16119: $? = 0
configure:16127: result: yes
configure:16142: checking whether to enable maintainer-specific portions of Makefiles
configure:16151: result: no
configure:16172: checking how to compare bootstrapped objects
configure:16197: result: cmp --ignore-initial=16 $$f1 $$f2
configure:16214: checking for string.h
configure:16214: result: yes
configure:16214: checking for strings.h
configure:16214: result: yes
configure:16214: checking for stdlib.h
configure:16214: result: yes
configure:16214: checking for unistd.h
configure:16214: result: yes
configure:16214: checking elf-hints.h usability
configure:16214: gcc -c -g -O2  conftest.c >&5
conftest.c:69:10: fatal error: elf-hints.h: No such file or directory
   69 | #include <elf-hints.h>
      |          ^~~~~~~~~~~~~
compilation terminated.
configure:16214: $? = 1
configure: failed program was:
| /* confdefs.h */
| #define PACKAGE_NAME ""
| #define PACKAGE_TARNAME ""
| #define PACKAGE_VERSION ""
| #define PACKAGE_STRING ""
| #define PACKAGE_BUGREPORT ""
| #define PACKAGE_URL ""
| #define PACKAGE "ld"
| #define VERSION "2.24"
| #define GOT_HANDLING_DEFAULT GOT_HANDLING_TARGET_DEFAULT
| #define HAVE_LC_MESSAGES 1
| #define STDC_HEADERS 1
| #define HAVE_SYS_TYPES_H 1
| #define HAVE_SYS_STAT_H 1
| #define HAVE_STDLIB_H 1
| #define HAVE_STRING_H 1
| #define HAVE_MEMORY_H 1
| #define HAVE_STRINGS_H 1
| #define HAVE_INTTYPES_H 1
| #define HAVE_STDINT_H 1
| #define HAVE_UNISTD_H 1
| #define __EXTENSIONS__ 1
| #define _ALL_SOURCE 1
| #define _GNU_SOURCE 1
| #define _POSIX_PTHREAD_SEMANTICS 1
| #define _TANDEM_SOURCE 1
| #define HAVE_DLFCN_H 1
| #define LT_OBJDIR ".libs/"
| #define ENABLE_NLS 1
| #define YYTEXT_POINTER 1
| #define HAVE_STRING_H 1
| #define HAVE_STRINGS_H 1
| #define HAVE_STDLIB_H 1
| #define HAVE_UNISTD_H 1
| /* end confdefs.h.  */
| #include <stdio.h>
| #ifdef HAVE_SYS_TYPES_H
| # include <sys/types.h>
| #endif
| #ifdef HAVE_SYS_STAT_H
| # include <sys/stat.h>
| #endif
| #ifdef STDC_HEADERS
| # include <stdlib.h>
| # include <stddef.h>
| #else
| # ifdef HAVE_STDLIB_H
| #  include <stdlib.h>
| # endif
| #endif
| #ifdef HAVE_STRING_H
| # if !defined STDC_HEADERS && defined HAVE_MEMORY_H
| #  include <memory.h>
| # endif
| # include <string.h>
| #endif
| #ifdef HAVE_STRINGS_H
| # include <strings.h>
| #endif
| #ifdef HAVE_INTTYPES_H
| # include <inttypes.h>
| #endif
| #ifdef HAVE_STDINT_H
| # include <stdint.h>
| #endif
| #ifdef HAVE_UNISTD_H
| # include <unistd.h>
| #endif
| #include <elf-hints.h>
configure:16214: result: no
configure:16214: checking elf-hints.h presence
configure:16214: gcc -E  conftest.c
conftest.c:36:10: fatal error: elf-hints.h: No such file or directory
   36 | #include <elf-hints.h>
      |          ^~~~~~~~~~~~~
compilation terminated.
configure:16214: $? = 1
configure: failed program was:
| /* confdefs.h */
| #define PACKAGE_NAME ""
| #define PACKAGE_TARNAME ""
| #define PACKAGE_VERSION ""
| #define PACKAGE_STRING ""
| #define PACKAGE_BUGREPORT ""
| #define PACKAGE_URL ""
| #define PACKAGE "ld"
| #define VERSION "2.24"
| #define GOT_HANDLING_DEFAULT GOT_HANDLING_TARGET_DEFAULT
| #define HAVE_LC_MESSAGES 1
| #define STDC_HEADERS 1
| #define HAVE_SYS_TYPES_H 1
| #define HAVE_SYS_STAT_H 1
| #define HAVE_STDLIB_H 1
| #define HAVE_STRING_H 1
| #define HAVE_MEMORY_H 1
| #define HAVE_STRINGS_H 1
| #define HAVE_INTTYPES_H 1
| #define HAVE_STDINT_H 1
| #define HAVE_UNISTD_H 1
| #define __EXTENSIONS__ 1
| #define _ALL_SOURCE 1
| #define _GNU_SOURCE 1
| #define _POSIX_PTHREAD_SEMANTICS 1
| #define _TANDEM_SOURCE 1
| #define HAVE_DLFCN_H 1
| #define LT_OBJDIR ".libs/"
| #define ENABLE_NLS 1
| #define YYTEXT_POINTER 1
| #define HAVE_STRING_H 1
| #define HAVE_STRINGS_H 1
| #define HAVE_STDLIB_H 1
| #define HAVE_UNISTD_H 1
| /* end confdefs.h.  */
| #include <elf-hints.h>
configure:16214: result: no
configure:16214: checking for elf-hints.h
configure:16214: result: no
configure:16214: checking limits.h usability
configure:16214: gcc -c -g -O2  conftest.c >&5
configure:16214: $? = 0
configure:16214: result: yes
configure:16214: checking limits.h presence
configure:16214: gcc -E  conftest.c
configure:16214: $? = 0
configure:16214: result: yes
configure:16214: checking for limits.h
configure:16214: result: yes
configure:16214: checking locale.h usability
configure:16214: gcc -c -g -O2  conftest.c >&5
configure:16214: $? = 0
configure:16214: result: yes
configure:16214: checking locale.h presence
configure:16214: gcc -E  conftest.c
configure:16214: $? = 0
configure:16214: result: yes
configure:16214: checking for locale.h
configure:16214: result: yes
configure:16214: checking sys/param.h usability
configure:16214: gcc -c -g -O2  conftest.c >&5
configure:16214: $? = 0
configure:16214: result: yes
configure:16214: checking sys/param.h presence
configure:16214: gcc -E  conftest.c
configure:16214: $? = 0
configure:16214: result: yes
configure:16214: checking for sys/param.h
configure:16214: result: yes
configure:16228: checking fcntl.h usability
configure:16228: gcc -c -g -O2  conftest.c >&5
configure:16228: $? = 0
configure:16228: result: yes
configure:16228: checking fcntl.h presence
configure:16228: gcc -E  conftest.c
configure:16228: $? = 0
configure:16228: result: yes
configure:16228: checking for fcntl.h
configure:16228: result: yes
configure:16228: checking sys/file.h usability
configure:16228: gcc -c -g -O2  conftest.c >&5
configure:16228: $? = 0
configure:16228: result: yes
configure:16228: checking sys/file.h presence
configure:16228: gcc -E  conftest.c
configure:16228: $? = 0
configure:16228: result: yes
configure:16228: checking for sys/file.h
configure:16228: result: yes
configure:16228: checking sys/time.h usability
configure:16228: gcc -c -g -O2  conftest.c >&5
configure:16228: $? = 0
configure:16228: result: yes
configure:16228: checking sys/time.h presence
configure:16228: gcc -E  conftest.c
configure:16228: $? = 0
configure:16228: result: yes
configure:16228: checking for sys/time.h
configure:16228: result: yes
configure:16228: checking for sys/stat.h
configure:16228: result: yes
configure:16239: checking whether string.h and strings.h may both be included
configure:16256: gcc -c -g -O2  conftest.c >&5
configure:16256: $? = 0
configure:16263: result: yes
configure:16274: checking for glob
configure:16274: gcc -o conftest -g -O2  -static-libstdc++ -static-libgcc  conftest.c  >&5
configure:16274: $? = 0
configure:16274: result: yes
configure:16274: checking for mkstemp
configure:16274: gcc -o conftest -g -O2  -static-libstdc++ -static-libgcc  conftest.c  >&5
configure:16274: $? = 0
configure:16274: result: yes
configure:16274: checking for realpath
configure:16274: gcc -o conftest -g -O2  -static-libstdc++ -static-libgcc  conftest.c  >&5
configure:16274: $? = 0
configure:16274: result: yes
configure:16274: checking for sbrk
configure:16274: gcc -o conftest -g -O2  -static-libstdc++ -static-libgcc  conftest.c  >&5
configure:16274: $? = 0
configure:16274: result: yes
configure:16274: checking for setlocale
configure:16274: gcc -o conftest -g -O2  -static-libstdc++ -static-libgcc  conftest.c  >&5
configure:16274: $? = 0
configure:16274: result: yes
configure:16274: checking for waitpid
configure:16274: gcc -o conftest -g -O2  -static-libstdc++ -static-libgcc  conftest.c  >&5
configure:16274: $? = 0
configure:16274: result: yes
configure:16287: checking for open
configure:16287: gcc -o conftest -g -O2  -static-libstdc++ -static-libgcc  conftest.c  >&5
configure:16287: $? = 0
configure:16287: result: yes
configure:16287: checking for lseek
configure:16287: gcc -o conftest -g -O2  -static-libstdc++ -static-libgcc  conftest.c  >&5
configure:16287: $? = 0
configure:16287: result: yes
configure:16287: checking for close
configure:16287: gcc -o conftest -g -O2  -static-libstdc++ -static-libgcc  conftest.c  >&5
configure:16287: $? = 0
configure:16287: result: yes
configure:16300: checking for dirent.h that defines DIR
configure:16319: gcc -c -g -O2  conftest.c >&5
configure:16319: $? = 0
configure:16327: result: yes
configure:16341: checking for library containing opendir
configure:16372: gcc -o conftest -g -O2  -static-libstdc++ -static-libgcc  conftest.c  >&5
configure:16372: $? = 0
configure:16389: result: none required
configure:16459: checking for dlfcn.h
configure:16459: result: yes
configure:16468: checking for library containing dlopen
configure:16499: gcc -o conftest -g -O2  -static-libstdc++ -static-libgcc  conftest.c  >&5
configure:16499: $? = 0
configure:16516: result: none required
configure:16529: checking for dlopen
configure:16529: gcc -o conftest -g -O2  -static-libstdc++ -static-libgcc  conftest.c  >&5
configure:16529: $? = 0
configure:16529: result: yes
configure:16529: checking for dlsym
configure:16529: gcc -o conftest -g -O2  -static-libstdc++ -static-libgcc  conftest.c  >&5
configure:16529: $? = 0
configure:16529: result: yes
configure:16529: checking for dlclose
configure:16529: gcc -o conftest -g -O2  -static-libstdc++ -static-libgcc  conftest.c  >&5
configure:16529: $? = 0
configure:16529: result: yes
configure:16571: checking for .preinit_array/.init_array/.fini_array support
configure:16601: result: no
configure:16614: checking for a known getopt prototype in unistd.h
configure:16630: gcc -c -g -O2  conftest.c >&5
configure:16630: $? = 0
configure:16638: result: yes
configure:16654: checking whether strstr is declared
configure:16654: gcc -c -g -O2  conftest.c >&5
configure:16654: $? = 0
configure:16654: result: yes
configure:16664: checking whether free is declared
configure:16664: gcc -c -g -O2  conftest.c >&5
configure:16664: $? = 0
configure:16664: result: yes
configure:16674: checking whether sbrk is declared
configure:16674: gcc -c -g -O2  conftest.c >&5
configure:16674: $? = 0
configure:16674: result: yes
configure:16684: checking whether getenv is declared
configure:16684: gcc -c -g -O2  conftest.c >&5
configure:16684: $? = 0
configure:16684: result: yes
configure:16694: checking whether environ is declared
configure:16694: gcc -c -g -O2  conftest.c >&5
configure:16694: $? = 0
configure:16694: result: yes
configure:16720: checking for library containing zlibVersion
configure:16751: gcc -o conftest -g -O2  -static-libstdc++ -static-libgcc  conftest.c  >&5
/usr/bin/ld: /tmp/cccUkN6P.o: in function `main':
/home/parallels/os161/toolbuild/binutils-2.24+os161-2.1/ld/conftest.c:74:(.text.startup+0x8): undefined reference to `zlibVersion'
collect2: error: ld returned 1 exit status
configure:16751: $? = 1
configure: failed program was:
| /* confdefs.h */
| #define PACKAGE_NAME ""
| #define PACKAGE_TARNAME ""
| #define PACKAGE_VERSION ""
| #define PACKAGE_STRING ""
| #define PACKAGE_BUGREPORT ""
| #define PACKAGE_URL ""
| #define PACKAGE "ld"
| #define VERSION "2.24"
| #define GOT_HANDLING_DEFAULT GOT_HANDLING_TARGET_DEFAULT
| #define HAVE_LC_MESSAGES 1
| #define STDC_HEADERS 1
| #define HAVE_SYS_TYPES_H 1
| #define HAVE_SYS_STAT_H 1
| #define HAVE_STDLIB_H 1
| #define HAVE_STRING_H 1
| #define HAVE_MEMORY_H 1
| #define HAVE_STRINGS_H 1
| #define HAVE_INTTYPES_H 1
| #define HAVE_STDINT_H 1
| #define HAVE_UNISTD_H 1
| #define __EXTENSIONS__ 1
| #define _ALL_SOURCE 1
| #define _GNU_SOURCE 1
| #define _POSIX_PTHREAD_SEMANTICS 1
| #define _TANDEM_SOURCE 1
| #define HAVE_DLFCN_H 1
| #define LT_OBJDIR ".libs/"
| #define ENABLE_NLS 1
| #define YYTEXT_POINTER 1
| #define HAVE_STRING_H 1
| #define HAVE_STRINGS_H 1
| #define HAVE_STDLIB_H 1
| #define HAVE_UNISTD_H 1
| #define HAVE_LIMITS_H 1
| #define HAVE_LOCALE_H 1
| #define HAVE_SYS_PARAM_H 1
| #define HAVE_FCNTL_H 1
| #define HAVE_SYS_FILE_H 1
| #define HAVE_SYS_TIME_H 1
| #define HAVE_SYS_STAT_H 1
| #define STRING_WITH_STRINGS 1
| #define HAVE_GLOB 1
| #define HAVE_MKSTEMP 1
| #define HAVE_REALPATH 1
| #define HAVE_SBRK 1
| #define HAVE_SETLOCALE 1
| #define HAVE_WAITPID 1
| #define HAVE_OPEN 1
| #define HAVE_LSEEK 1
| #define HAVE_CLOSE 1
| #define HAVE_DIRENT_H 1
| #define HAVE_DLOPEN 1
| #define HAVE_DLSYM 1
| #define HAVE_DLCLOSE 1
| #define HAVE_DECL_GETOPT 1
| #define HAVE_DECL_STRSTR 1
| #define HAVE_DECL_FREE 1
| #define HAVE_DECL_SBRK 1
| #define HAVE_DECL_GETENV 1
| #define HAVE_DECL_ENVIRON 1
| /* end confdefs.h.  */
| 
| /* Override any GCC internal prototype to avoid an error.
|    Use char because int might match the return type of a GCC
|    builtin and then its argument prototype would still apply.  */
| #ifdef __cplusplus
| extern "C"
| #endif
| char zlibVersion ();
| int
| main ()
| {
| return zlibVersion ();
|   ;
|   return 0;
| }
configure:16751: gcc -o conftest -g -O2  -static-libstdc++ -static-libgcc  conftest.c -lz   >&5
configure:16751: $? = 0
configure:16768: result: -lz
configure:16775: checking zlib.h usability
configure:16775: gcc -c -g -O2  conftest.c >&5
configure:16775: $? = 0
configure:16775: result: yes
configure:16775: checking zlib.h presence
configure:16775: gcc -E  conftest.c
configure:16775: $? = 0
configure:16775: result: yes
configure:16775: checking for zlib.h
configure:16775: result: yes
configure:16799: checking whether ANSI C string concatenation works
configure:16815: gcc -c -g -O2  conftest.c >&5
configure:16815: $? = 0
configure:16823: result: yes
configure:16849: checking size of void *
configure:16854: gcc -o conftest -g -O2  -static-libstdc++ -static-libgcc  conftest.c -lz  >&5
configure:16854: $? = 0
configure:16854: ./conftest
configure:16854: $? = 0
configure:16869: result: 8
configure:17060: updating cache ./config.cache
configure:17133: creating ./config.status

## ---------------------- ##
## Running config.status. ##
## ---------------------- ##

This file was extended by config.status, which was
generated by GNU Autoconf 2.64.  Invocation command line was

  CONFIG_FILES    = 
  CONFIG_HEADERS  = 
  CONFIG_LINKS    = 
  CONFIG_COMMANDS = 
  $ ./config.status 

on ubuntu-linux-2404

config.status:1264: creating Makefile
config.status:1264: creating po/Makefile.in
config.status:1264: creating config.h
config.status:1489: executing depfiles commands
config.status:1489: executing libtool commands
config.status:1489: executing default-1 commands

## ---------------- ##
## Cache variables. ##
## ---------------- ##

ac_cv_build=aarch64-unknown-linux-gnu
ac_cv_c_compiler_gnu=yes
ac_cv_cxx_compiler_gnu=yes
ac_cv_env_CCC_set=
ac_cv_env_CCC_value=
ac_cv_env_CC_set=set
ac_cv_env_CC_value=gcc
ac_cv_env_CFLAGS_set=set
ac_cv_env_CFLAGS_value='-g -O2'
ac_cv_env_CPPFLAGS_set=
ac_cv_env_CPPFLAGS_value=
ac_cv_env_CPP_set=
ac_cv_env_CPP_value=
ac_cv_env_CXXCPP_set=
ac_cv_env_CXXCPP_value=
ac_cv_env_CXXFLAGS_set=set
ac_cv_env_CXXFLAGS_value='-g -O2'
ac_cv_env_CXX_set=set
ac_cv_env_CXX_value=g++
ac_cv_env_LDFLAGS_set=set
ac_cv_env_LDFLAGS_value='-static-libstdc++ -static-libgcc '
ac_cv_env_LIBS_set=
ac_cv_env_LIBS_value=
ac_cv_env_YACC_set=set
ac_cv_env_YACC_value='/home/parallels/os161/toolbuild/binutils-2.24+os161-2.1/missing bison -y'
ac_cv_env_YFLAGS_set=
ac_cv_env_YFLAGS_value=
ac_cv_env_build_alias_set=set
ac_cv_env_build_alias_value=aarch64-unknown-linux-gnu
ac_cv_env_host_alias_set=set
ac_cv_env_host_alias_value=aarch64-unknown-linux-gnu
ac_cv_env_target_alias_set=set
ac_cv_env_target_alias_value=mips-harvard-os161
ac_cv_func_close=yes
ac_cv_func_dlclose=yes
ac_cv_func_dlopen=yes
ac_cv_func_dlsym=yes
ac_cv_func_glob=yes
ac_cv_func_lseek=yes
ac_cv_func_mkstemp=yes
ac_cv_func_open=yes
ac_cv_func_realpath=yes
ac_cv_func_sbrk=yes
ac_cv_func_setlocale=yes
ac_cv_func_waitpid=yes
ac_cv_have_decl_environ=yes
ac_cv_have_decl_free=yes
ac_cv_have_decl_getenv=yes
ac_cv_have_decl_sbrk=yes
ac_cv_have_decl_strstr=yes
ac_cv_header_dirent_dirent_h=yes
ac_cv_header_dlfcn_h=yes
ac_cv_header_elf_hints_h=no
ac_cv_header_fcntl_h=yes
ac_cv_header_inttypes_h=yes
ac_cv_header_limits_h=yes
ac_cv_header_locale_h=yes
ac_cv_header_memory_h=yes
ac_cv_header_minix_config_h=no
ac_cv_header_stdc=yes
ac_cv_header_stdint_h=yes
ac_cv_header_stdlib_h=yes
ac_cv_header_string_h=yes
ac_cv_header_strings_h=yes
ac_cv_header_sys_file_h=yes
ac_cv_header_sys_param_h=yes
ac_cv_header_sys_stat_h=yes
ac_cv_header_sys_time_h=yes
ac_cv_header_sys_types_h=yes
ac_cv_header_unistd_h=yes
ac_cv_header_zlib_h=yes
ac_cv_host=aarch64-unknown-linux-gnu
ac_cv_lib_lex=
ac_cv_objext=o
ac_cv_path_EGREP='/usr/bin/grep -E'
ac_cv_path_FGREP='/usr/bin/grep -F'
ac_cv_path_GMSGFMT=:
ac_cv_path_GREP=/usr/bin/grep
ac_cv_path_MSGFMT=:
ac_cv_path_MSGMERGE=:
ac_cv_path_SED=/usr/bin/sed
ac_cv_path_XGETTEXT=:
ac_cv_path_mkdir=/usr/bin/mkdir
ac_cv_prog_AR=ar
ac_cv_prog_AWK=gawk
ac_cv_prog_CC=gcc
ac_cv_prog_CPP='gcc -E'
ac_cv_prog_CXXCPP='g++ -E'
ac_cv_prog_LEX='/home/parallels/os161/toolbuild/binutils-2.24+os161-2.1/missing flex'
ac_cv_prog_OBJDUMP=objdump
ac_cv_prog_RANLIB=ranlib
ac_cv_prog_YACC='/home/parallels/os161/toolbuild/binutils-2.24+os161-2.1/missing bison -y'
ac_cv_prog_ac_ct_STRIP=strip
ac_cv_prog_cc_c89=
ac_cv_prog_cc_g=yes
ac_cv_prog_cxx_g=yes
ac_cv_prog_lex_root=lex.yy
ac_cv_prog_lex_yytext_pointer=yes
ac_cv_prog_make_make_set=yes
ac_cv_safe_to_define___extensions__=yes
ac_cv_search_dlopen='none required'
ac_cv_search_opendir='none required'
ac_cv_search_strerror='none required'
ac_cv_search_zlibVersion=-lz
ac_cv_sizeof_void_p=8
ac_cv_sys_file_offset_bits=no
ac_cv_sys_largefile_CC=no
ac_cv_target=mips-harvard-os161
am_cv_CC_dependencies_compiler_type=gcc3
am_cv_CXX_dependencies_compiler_type=gcc3
am_cv_val_LC_MESSAGES=yes
gcc_cv_header_string=yes
gcc_cv_initfini_array=no
gcc_cv_prog_cmp_skip='cmp --ignore-initial=16 $$f1 $$f2'
ld_cv_decl_getopt_unistd_h=yes
ld_cv_string_concatenation=yes
lt_cv_archive_cmds_need_lc=no
lt_cv_deplibs_check_method=pass_all
lt_cv_file_magic_cmd='$MAGIC_CMD'
lt_cv_file_magic_test_file=
lt_cv_ld_reload_flag=-r
lt_cv_nm_interface='BSD nm'
lt_cv_objdir=.libs
lt_cv_path_LD=ld
lt_cv_path_LDCXX=ld
lt_cv_path_NM=nm
lt_cv_prog_compiler_c_o=yes
lt_cv_prog_compiler_c_o_CXX=yes
lt_cv_prog_compiler_pic_works=yes
lt_cv_prog_compiler_pic_works_CXX=yes
lt_cv_prog_compiler_rtti_exceptions=no
lt_cv_prog_compiler_static_works=yes
lt_cv_prog_compiler_static_works_CXX=yes
lt_cv_prog_gnu_ld=yes
lt_cv_prog_gnu_ldcxx=yes
lt_cv_shlibpath_overrides_runpath=yes
lt_cv_sys_global_symbol_pipe='sed -n -e '\''s/^.*[	 ]\([ABCDGIRSTW][ABCDGIRSTW]*\)[	 ][	 ]*\([_A-Za-z][_A-Za-z0-9]*\)$/\1 \2 \2/p'\'''
lt_cv_sys_global_symbol_to_c_name_address='sed -n -e '\''s/^: \([^ ]*\) $/  {\"\1\", (void *) 0},/p'\'' -e '\''s/^[ABCDGIRSTW]* \([^ ]*\) \([^ ]*\)$/  {"\2", (void *) \&\2},/p'\'''
lt_cv_sys_global_symbol_to_c_name_address_lib_prefix='sed -n -e '\''s/^: \([^ ]*\) $/  {\"\1\", (void *) 0},/p'\'' -e '\''s/^[ABCDGIRSTW]* \([^ ]*\) \(lib[^ ]*\)$/  {"\2", (void *) \&\2},/p'\'' -e '\''s/^[ABCDGIRSTW]* \([^ ]*\) \([^ ]*\)$/  {"lib\2", (void *) \&\2},/p'\'''
lt_cv_sys_global_symbol_to_cdecl='sed -n -e '\''s/^T .* \(.*\)$/extern int \1();/p'\'' -e '\''s/^[ABCDGIRSTW]* .* \(.*\)$/extern char \1;/p'\'''
lt_cv_sys_max_cmd_len=1572864

## ----------------- ##
## Output variables. ##
## ----------------- ##

ACLOCAL='${SHELL} /home/parallels/os161/toolbuild/binutils-2.24+os161-2.1/missing --run aclocal-1.11'
AMDEPBACKSLASH='\'
AMDEP_FALSE='#'
AMDEP_TRUE=''
AMTAR='${SHELL} /home/parallels/os161/toolbuild/binutils-2.24+os161-2.1/missing --run tar'
AR='ar'
AUTOCONF='${SHELL} /home/parallels/os161/toolbuild/binutils-2.24+os161-2.1/missing --run autoconf'
AUTOHEADER='${SHELL} /home/parallels/os161/toolbuild/binutils-2.24+os161-2.1/missing --run autoheader'
AUTOMAKE='${SHELL} /home/parallels/os161/toolbuild/binutils-2.24+os161-2.1/missing --run automake-1.11'
AWK='gawk'
CATALOGS=' bg.gmo da.gmo es.gmo fi.gmo fr.gmo ga.gmo id.gmo it.gmo ja.gmo sv.gmo tr.gmo uk.gmo vi.gmo zh_CN.gmo zh_TW.gmo bg.gmo da.gmo es.gmo fi.gmo fr.gmo ga.gmo id.gmo it.gmo ja.gmo sv.gmo tr.gmo uk.gmo vi.gmo zh_CN.gmo zh_TW.gmo'
CATOBJEXT='.gmo'
CC='gcc'
CCDEPMODE='depmode=gcc3'
CFLAGS='-g -O2'
CPP='gcc -E'
CPPFLAGS=''
CXX='g++'
CXXCPP='g++ -E'
CXXDEPMODE='depmode=gcc3'
CXXFLAGS='-g -O2'
CYGPATH_W='echo'
DATADIRNAME='share'
DEFS='-DHAVE_CONFIG_H'
DEPDIR='.deps'
DSYMUTIL=''
DUMPBIN=''
ECHO_C=''
ECHO_N='-n'
ECHO_T=''
EGREP='/usr/bin/grep -E'
EMUL='elf32btsmip'
EMULATION_LIBPATH='elf32btsmip'
EMULATION_OFILES=' eelf32btsmip.o'
EMUL_EXTRA_OFILES=''
ENABLE_PLUGINS_FALSE='#'
ENABLE_PLUGINS_TRUE=''
EXEEXT=''
FGREP='/usr/bin/grep -F'
GENCAT='gencat'
GENINSRC_NEVER_FALSE=''
GENINSRC_NEVER_TRUE='#'
GMSGFMT=':'
GREP='/usr/bin/grep'
HDEFINES=''
HOSTING_CRT0='-dynamic-linker `${CC} --help --verbose 2>&1 | egrep "ld[^ ]*\.so" | sed -e "s,.*-dynamic-linker[ 	][ 	]*\(.*/ld[^ ]*\.so..\).*,\1,"` `${CC} --print-file-name=crt1.o` `${CC} --print-file-name=crti.o` `if [ -f ../gcc/crtbegin.o ]; then echo ../gcc/crtbegin.o; else ${CC} --print-file-name=crtbegin.o; fi`'
HOSTING_LIBS='-L`dirname \`${CC} --print-file-name=libc.so\`` `if [ -f ../gcc/libgcc.a ]; then libgcc=../gcc/libgcc.a; else libgcc=\`${CC} -print-libgcc-file-name\`; fi; if [ -f ../gcc/libgcc_eh.a ]; then libgcc="$$libgcc ../gcc/libgcc_eh.a"; else libgcc_eh=\`${CC} -print-file-name=libgcc_eh.a\`; if [ x"$$libgcc_eh" != xlibgcc_eh.a ]; then libgcc="$$libgcc $$libgcc_eh"; fi; fi; if [ -f ../gcc/libunwind.a ]; then libgcc="$$libgcc ../gcc/libunwind.a"; else libunwind=\`${CC} -print-file-name=libunwind.a\`; if [ x"$$libunwind" != xlibunwind.a ]; then libgcc="$$libgcc $$libunwind"; fi; fi; echo --start-group $$libgcc -lc --end-group` `if [ -f ../gcc/crtend.o ]; then echo ../gcc/crtend.o; else ${CC} --print-file-name=crtend.o; fi` `${CC} --print-file-name=crtn.o`'
HOSTING_SCRT0='-dynamic-linker `${CC} --help --verbose 2>&1 | egrep "ld[^ ]*\.so" | sed -e "s,.*-dynamic-linker[ 	][ 	]*\(.*/ld[^ ]*\.so..\).*,\1,"` `${CC} --print-file-name=Scrt1.o` `${CC} --print-file-name=crti.o` `if [ -f ../gcc/crtbeginS.o ]; then echo ../gcc/crtbeginS.o; else ${CC} --print-file-name=crtbeginS.o; fi`'
INCINTL=''
INSTALL_DATA='/usr/bin/install -c -m 644'
INSTALL_PROGRAM='/usr/bin/install -c'
INSTALL_SCRIPT='/usr/bin/install -c'
INSTALL_STRIP_PROGRAM='$(install_sh) -c -s'
INSTOBJEXT='.mo'
LD='ld'
LDFLAGS='-static-libstdc++ -static-libgcc '
LEX='/home/parallels/os161/toolbuild/binutils-2.24+os161-2.1/missing flex'
LEXLIB=''
LEX_OUTPUT_ROOT='lex.yy'
LIBINTL=''
LIBINTL_DEP=''
LIBOBJS=''
LIBS='-lz '
LIBTOOL='$(SHELL) $(top_builddir)/libtool'
LIB_PATH=''
LIPO=''
LN_S='ln -s'
LTLIBOBJS=''
MAINT='#'
MAINTAINER_MODE_FALSE=''
MAINTAINER_MODE_TRUE='#'
MAKEINFO='/home/parallels/os161/toolbuild/binutils-2.24+os161-2.1/missing makeinfo --split-size=5000000'
MKDIR_P='/usr/bin/mkdir -p'
MKINSTALLDIRS='$(top_builddir)/./../mkinstalldirs'
MSGFMT=':'
MSGMERGE=':'
NATIVE_LIB_DIRS='/usr/local/lib /lib /usr/lib'
NM='nm'
NMEDIT=''
NO_WERROR=''
OBJDUMP='objdump'
OBJEXT='o'
OTOOL64=''
OTOOL=''
PACKAGE='ld'
PACKAGE_BUGREPORT=''
PACKAGE_NAME=''
PACKAGE_STRING=''
PACKAGE_TARNAME=''
PACKAGE_URL=''
PACKAGE_VERSION=''
PATH_SEPARATOR=':'
POSUB='po'
RANLIB='ranlib'
SED='/usr/bin/sed'
SET_MAKE=''
SHELL='/bin/bash'
STRINGIFY='astring.sed'
STRIP='strip'
TARGET_SYSTEM_ROOT=''
TARGET_SYSTEM_ROOT_DEFINE='-DTARGET_SYSTEM_ROOT=\"\"'
TESTBFDLIB='../bfd/.libs/libbfd.a'
USE_NLS='yes'
VERSION='2.24'
WARN_CFLAGS='-W -Wall -Wstrict-prototypes -Wmissing-prototypes -Wshadow'
XGETTEXT=':'
YACC='/home/parallels/os161/toolbuild/binutils-2.24+os161-2.1/missing bison -y'
YFLAGS=''
ac_ct_CC=''
ac_ct_CXX=''
ac_ct_DUMPBIN=''
am__EXEEXT_FALSE=''
am__EXEEXT_TRUE='#'
am__fastdepCC_FALSE='#'
am__fastdepCC_TRUE=''
am__fastdepCXX_FALSE='#'
am__fastdepCXX_TRUE=''
am__include='include'
am__isrc=''
am__leading_dot='.'
am__quote=''
am__tar='${AMTAR} chof - "$$tardir"'
am__untar='${AMTAR} xf -'
bindir='${exec_prefix}/bin'
build='aarch64-unknown-linux-gnu'
build_alias='aarch64-unknown-linux-gnu'
build_cpu='aarch64'
build_os='linux-gnu'
build_vendor='unknown'
datadir='${datarootdir}'
datarootdir='${prefix}/share'
do_compare='cmp --ignore-initial=16 $$f1 $$f2'
docdir='${datarootdir}/doc/${PACKAGE}'
dvidir='${docdir}'
enable_initfini_array='no'
exec_prefix='${prefix}'
host='aarch64-unknown-linux-gnu'
host_alias='aarch64-unknown-linux-gnu'
host_cpu='aarch64'
host_os='linux-gnu'
host_vendor='unknown'
htmldir='${docdir}'
includedir='${prefix}/include'
infodir='${datarootdir}/info'
install_as_default='yes'
install_sh='${SHELL} /home/parallels/os161/toolbuild/binutils-2.24+os161-2.1/install-sh'
installed_linker='ld.bfd'
libdir='${exec_prefix}/lib'
libexecdir='${exec_prefix}/libexec'
localedir='${datarootdir}/locale'
localstatedir='${prefix}/var'
mandir='${datarootdir}/man'
mkdir_p='/usr/bin/mkdir -p'
oldincludedir='/usr/include'
pdfdir='${docdir}'
prefix='/home/parallels/os161/tools'
program_transform_name='s&^&mips-harvard-os161-&'
psdir='${docdir}'
sbindir='${exec_prefix}/sbin'
sharedstatedir='${prefix}/com'
sysconfdir='${prefix}/etc'
target='mips-harvard-os161'
target_alias='mips-harvard-os161'
target_cpu='mips'
target_os='os161'
target_vendor='harvard'
use_sysroot='no'

## ------------------- ##
## File substitutions. ##
## ------------------- ##

TDIRS='tdirs'

## ----------- ##
## confdefs.h. ##
## ----------- ##

/* confdefs.h */
#define PACKAGE_NAME ""
#define PACKAGE_TARNAME ""
#define PACKAGE_VERSION ""
#define PACKAGE_STRING ""
#define PACKAGE_BUGREPORT ""
#define PACKAGE_URL ""
#define PACKAGE "ld"
#define VERSION "2.24"
#define GOT_HANDLING_DEFAULT GOT_HANDLING_TARGET_DEFAULT
#define HAVE_LC_MESSAGES 1
#define STDC_HEADERS 1
#define HAVE_SYS_TYPES_H 1
#define HAVE_SYS_STAT_H 1
#define HAVE_STDLIB_H 1
#define HAVE_STRING_H 1
#define HAVE_MEMORY_H 1
#define HAVE_STRINGS_H 1
#define HAVE_INTTYPES_H 1
#define HAVE_STDINT_H 1
#define HAVE_UNISTD_H 1
#define __EXTENSIONS__ 1
#define _ALL_SOURCE 1
#define _GNU_SOURCE 1
#define _POSIX_PTHREAD_SEMANTICS 1
#define _TANDEM_SOURCE 1
#define HAVE_DLFCN_H 1
#define LT_OBJDIR ".libs/"
#define ENABLE_NLS 1
#define YYTEXT_POINTER 1
#define HAVE_STRING_H 1
#define HAVE_STRINGS_H 1
#define HAVE_STDLIB_H 1
#define HAVE_UNISTD_H 1
#define HAVE_LIMITS_H 1
#define HAVE_LOCALE_H 1
#define HAVE_SYS_PARAM_H 1
#define HAVE_FCNTL_H 1
#define HAVE_SYS_FILE_H 1
#define HAVE_SYS_TIME_H 1
#define HAVE_SYS_STAT_H 1
#define STRING_WITH_STRINGS 1
#define HAVE_GLOB 1
#define HAVE_MKSTEMP 1
#define HAVE_REALPATH 1
#define HAVE_SBRK 1
#define HAVE_SETLOCALE 1
#define HAVE_WAITPID 1
#define HAVE_OPEN 1
#define HAVE_LSEEK 1
#define HAVE_CLOSE 1
#define HAVE_DIRENT_H 1
#define HAVE_DLOPEN 1
#define HAVE_DLSYM 1
#define HAVE_DLCLOSE 1
#define HAVE_DECL_GETOPT 1
#define HAVE_DECL_STRSTR 1
#define HAVE_DECL_FREE 1
#define HAVE_DECL_SBRK 1
#define HAVE_DECL_GETENV 1
#define HAVE_DECL_ENVIRON 1
#define HAVE_ZLIB_H 1
#define SIZEOF_VOID_P 8

configure: exit 0
