This file contains any messages produced by compilers while
running configure, to aid debugging if configure makes a mistake.

It was created by configure, which was
generated by GNU Autoconf 2.64.  Invocation command line was

  $ /home/parallels/os161/toolbuild/binutils-2.24+os161-2.1/gas/configure --cache-file=./config.cache --with-gnu-as --with-gnu-ld --with-system-zlib --nfp --disable-werror --prefix=/home/parallels/os161/tools --program-transform-name=s&^&mips-harvard-os161-& --disable-option-checking --build=aarch64-unknown-linux-gnu --host=aarch64-unknown-linux-gnu --target=mips-harvard-os161 --srcdir=.././gas

## --------- ##
## Platform. ##
## --------- ##

hostname = ubuntu-linux-2404
uname -m = aarch64
uname -r = 6.8.0-40-generic
uname -s = Linux
uname -v = #40-Ubuntu SMP PREEMPT_DYNAMIC Fri Jul  5 11:20:03 UTC 2024

/usr/bin/uname -p = aarch64
/bin/uname -X     = unknown

/bin/arch              = aarch64
/usr/bin/arch -k       = unknown
/usr/convex/getsysinfo = unknown
/usr/bin/hostinfo      = unknown
/bin/machine           = unknown
/usr/bin/oslevel       = unknown
/bin/universe          = unknown

PATH: /usr/local/sbin
PATH: /usr/local/bin
PATH: /usr/sbin
PATH: /usr/bin
PATH: /sbin
PATH: /bin
PATH: /usr/games
PATH: /usr/local/games
PATH: /snap/bin
PATH: /snap/bin


## ----------- ##
## Core tests. ##
## ----------- ##

configure:2190: creating cache ./config.cache
configure:2295: checking build system type
configure:2309: result: aarch64-unknown-linux-gnu
configure:2329: checking host system type
configure:2342: result: aarch64-unknown-linux-gnu
configure:2362: checking target system type
configure:2375: result: mips-harvard-os161
configure:2409: checking for aarch64-unknown-linux-gnu-gcc
configure:2436: result: gcc
configure:2705: checking for C compiler version
configure:2714: gcc --version >&5
gcc (Ubuntu 13.3.0-6ubuntu2~24.04) 13.3.0
Copyright (C) 2023 Free Software Foundation, Inc.
This is free software; see the source for copying conditions.  There is NO
warranty; not even for MERCHANTABILITY or FITNESS FOR A PARTICULAR PURPOSE.

configure:2725: $? = 0
configure:2714: gcc -v >&5
Using built-in specs.
COLLECT_GCC=gcc
COLLECT_LTO_WRAPPER=/usr/libexec/gcc/aarch64-linux-gnu/13/lto-wrapper
OFFLOAD_TARGET_NAMES=nvptx-none
OFFLOAD_TARGET_DEFAULT=1
Target: aarch64-linux-gnu
Configured with: ../src/configure -v --with-pkgversion='Ubuntu 13.3.0-6ubuntu2~24.04' --with-bugurl=file:///usr/share/doc/gcc-13/README.Bugs --enable-languages=c,ada,c++,go,d,fortran,objc,obj-c++,m2 --prefix=/usr --with-gcc-major-version-only --program-suffix=-13 --program-prefix=aarch64-linux-gnu- --enable-shared --enable-linker-build-id --libexecdir=/usr/libexec --without-included-gettext --enable-threads=posix --libdir=/usr/lib --enable-nls --enable-bootstrap --enable-clocale=gnu --enable-libstdcxx-debug --enable-libstdcxx-time=yes --with-default-libstdcxx-abi=new --enable-libstdcxx-backtrace --enable-gnu-unique-object --disable-libquadmath --disable-libquadmath-support --enable-plugin --enable-default-pie --with-system-zlib --enable-libphobos-checking=release --with-target-system-zlib=auto --enable-objc-gc=auto --enable-multiarch --enable-fix-cortex-a53-843419 --disable-werror --enable-offload-targets=nvptx-none=/build/gcc-13-Nz4ro4/gcc-13-13.3.0/debian/tmp-nvptx/usr --enable-offload-defaulted --without-cuda-driver --enable-checking=release --build=aarch64-linux-gnu --host=aarch64-linux-gnu --target=aarch64-linux-gnu --with-build-config=bootstrap-lto-lean --enable-link-serialization=2
Thread model: posix
Supported LTO compression algorithms: zlib zstd
gcc version 13.3.0 (Ubuntu 13.3.0-6ubuntu2~24.04) 
... rest of stderr output deleted ...
configure:2725: $? = 0
configure:2714: gcc -V >&5
gcc: error: unrecognized command-line option '-V'
gcc: fatal error: no input files
compilation terminated.
configure:2725: $? = 1
configure:2714: gcc -qversion >&5
gcc: error: unrecognized command-line option '-qversion'; did you mean '--version'?
gcc: fatal error: no input files
compilation terminated.
configure:2725: $? = 1
configure:2745: checking for C compiler default output file name
configure:2767: gcc -g -O2  -static-libstdc++ -static-libgcc  conftest.c  >&5
configure:2771: $? = 0
configure:2808: result: a.out
configure:2824: checking whether the C compiler works
configure:2833: ./a.out
configure:2837: $? = 0
configure:2852: result: yes
configure:2859: checking whether we are cross compiling
configure:2861: result: no
configure:2864: checking for suffix of executables
configure:2871: gcc -o conftest -g -O2  -static-libstdc++ -static-libgcc  conftest.c  >&5
configure:2875: $? = 0
configure:2897: result: 
configure:2903: checking for suffix of object files
configure:2925: gcc -c -g -O2  conftest.c >&5
configure:2929: $? = 0
configure:2950: result: o
configure:2954: checking whether we are using the GNU C compiler
configure:2973: gcc -c -g -O2  conftest.c >&5
configure:2973: $? = 0
configure:2982: result: yes
configure:2991: checking whether gcc accepts -g
configure:3011: gcc -c -g  conftest.c >&5
configure:3011: $? = 0
configure:3052: result: yes
configure:3069: checking for gcc option to accept ISO C89
configure:3133: gcc  -c -g -O2  conftest.c >&5
configure:3133: $? = 0
configure:3146: result: none needed
configure:3167: checking for library containing strerror
configure:3198: gcc -o conftest -g -O2  -static-libstdc++ -static-libgcc  conftest.c  >&5
configure:3198: $? = 0
configure:3215: result: none required
configure:3241: checking for a BSD-compatible install
configure:3309: result: /usr/bin/install -c
configure:3320: checking whether build environment is sane
configure:3370: result: yes
configure:3511: checking for a thread-safe mkdir -p
configure:3550: result: /usr/bin/mkdir -p
configure:3563: checking for gawk
configure:3590: result: gawk
configure:3601: checking whether make sets $(MAKE)
configure:3623: result: yes
configure:3653: checking for style of include used by make
configure:3681: result: GNU
configure:3766: checking dependency style of gcc
configure:3876: result: gcc3
configure:3901: checking for aarch64-unknown-linux-gnu-gcc
configure:3928: result: gcc
configure:4197: checking for C compiler version
configure:4206: gcc --version >&5
gcc (Ubuntu 13.3.0-6ubuntu2~24.04) 13.3.0
Copyright (C) 2023 Free Software Foundation, Inc.
This is free software; see the source for copying conditions.  There is NO
warranty; not even for MERCHANTABILITY or FITNESS FOR A PARTICULAR PURPOSE.

configure:4217: $? = 0
configure:4206: gcc -v >&5
Using built-in specs.
COLLECT_GCC=gcc
COLLECT_LTO_WRAPPER=/usr/libexec/gcc/aarch64-linux-gnu/13/lto-wrapper
OFFLOAD_TARGET_NAMES=nvptx-none
OFFLOAD_TARGET_DEFAULT=1
Target: aarch64-linux-gnu
Configured with: ../src/configure -v --with-pkgversion='Ubuntu 13.3.0-6ubuntu2~24.04' --with-bugurl=file:///usr/share/doc/gcc-13/README.Bugs --enable-languages=c,ada,c++,go,d,fortran,objc,obj-c++,m2 --prefix=/usr --with-gcc-major-version-only --program-suffix=-13 --program-prefix=aarch64-linux-gnu- --enable-shared --enable-linker-build-id --libexecdir=/usr/libexec --without-included-gettext --enable-threads=posix --libdir=/usr/lib --enable-nls --enable-bootstrap --enable-clocale=gnu --enable-libstdcxx-debug --enable-libstdcxx-time=yes --with-default-libstdcxx-abi=new --enable-libstdcxx-backtrace --enable-gnu-unique-object --disable-libquadmath --disable-libquadmath-support --enable-plugin --enable-default-pie --with-system-zlib --enable-libphobos-checking=release --with-target-system-zlib=auto --enable-objc-gc=auto --enable-multiarch --enable-fix-cortex-a53-843419 --disable-werror --enable-offload-targets=nvptx-none=/build/gcc-13-Nz4ro4/gcc-13-13.3.0/debian/tmp-nvptx/usr --enable-offload-defaulted --without-cuda-driver --enable-checking=release --build=aarch64-linux-gnu --host=aarch64-linux-gnu --target=aarch64-linux-gnu --with-build-config=bootstrap-lto-lean --enable-link-serialization=2
Thread model: posix
Supported LTO compression algorithms: zlib zstd
gcc version 13.3.0 (Ubuntu 13.3.0-6ubuntu2~24.04) 
... rest of stderr output deleted ...
configure:4217: $? = 0
configure:4206: gcc -V >&5
gcc: error: unrecognized command-line option '-V'
gcc: fatal error: no input files
compilation terminated.
configure:4217: $? = 1
configure:4206: gcc -qversion >&5
gcc: error: unrecognized command-line option '-qversion'; did you mean '--version'?
gcc: fatal error: no input files
compilation terminated.
configure:4217: $? = 1
configure:4221: checking whether we are using the GNU C compiler
configure:4249: result: yes
configure:4258: checking whether gcc accepts -g
configure:4319: result: yes
configure:4336: checking for gcc option to accept ISO C89
configure:4413: result: none needed
configure:4438: checking how to run the C preprocessor
configure:4469: gcc -E  conftest.c
configure:4469: $? = 0
configure:4483: gcc -E  conftest.c
conftest.c:11:10: fatal error: ac_nonexistent.h: No such file or directory
   11 | #include <ac_nonexistent.h>
      |          ^~~~~~~~~~~~~~~~~~
compilation terminated.
configure:4483: $? = 1
configure: failed program was:
| /* confdefs.h */
| #define PACKAGE_NAME ""
| #define PACKAGE_TARNAME ""
| #define PACKAGE_VERSION ""
| #define PACKAGE_STRING ""
| #define PACKAGE_BUGREPORT ""
| #define PACKAGE_URL ""
| #define PACKAGE "gas"
| #define VERSION "2.24"
| /* end confdefs.h.  */
| #include <ac_nonexistent.h>
configure:4508: result: gcc -E
configure:4528: gcc -E  conftest.c
configure:4528: $? = 0
configure:4542: gcc -E  conftest.c
conftest.c:11:10: fatal error: ac_nonexistent.h: No such file or directory
   11 | #include <ac_nonexistent.h>
      |          ^~~~~~~~~~~~~~~~~~
compilation terminated.
configure:4542: $? = 1
configure: failed program was:
| /* confdefs.h */
| #define PACKAGE_NAME ""
| #define PACKAGE_TARNAME ""
| #define PACKAGE_VERSION ""
| #define PACKAGE_STRING ""
| #define PACKAGE_BUGREPORT ""
| #define PACKAGE_URL ""
| #define PACKAGE "gas"
| #define VERSION "2.24"
| /* end confdefs.h.  */
| #include <ac_nonexistent.h>
configure:4571: checking for grep that handles long lines and -e
configure:4629: result: /usr/bin/grep
configure:4634: checking for egrep
configure:4696: result: /usr/bin/grep -E
configure:4701: checking for ANSI C header files
configure:4721: gcc -c -g -O2  conftest.c >&5
configure:4721: $? = 0
configure:4794: gcc -o conftest -g -O2  -static-libstdc++ -static-libgcc  conftest.c  >&5
configure:4794: $? = 0
configure:4794: ./conftest
configure:4794: $? = 0
configure:4805: result: yes
configure:4818: checking for sys/types.h
configure:4818: gcc -c -g -O2  conftest.c >&5
configure:4818: $? = 0
configure:4818: result: yes
configure:4818: checking for sys/stat.h
configure:4818: gcc -c -g -O2  conftest.c >&5
configure:4818: $? = 0
configure:4818: result: yes
configure:4818: checking for stdlib.h
configure:4818: gcc -c -g -O2  conftest.c >&5
configure:4818: $? = 0
configure:4818: result: yes
configure:4818: checking for string.h
configure:4818: gcc -c -g -O2  conftest.c >&5
configure:4818: $? = 0
configure:4818: result: yes
configure:4818: checking for memory.h
configure:4818: gcc -c -g -O2  conftest.c >&5
configure:4818: $? = 0
configure:4818: result: yes
configure:4818: checking for strings.h
configure:4818: gcc -c -g -O2  conftest.c >&5
configure:4818: $? = 0
configure:4818: result: yes
configure:4818: checking for inttypes.h
configure:4818: gcc -c -g -O2  conftest.c >&5
configure:4818: $? = 0
configure:4818: result: yes
configure:4818: checking for stdint.h
configure:4818: gcc -c -g -O2  conftest.c >&5
configure:4818: $? = 0
configure:4818: result: yes
configure:4818: checking for unistd.h
configure:4818: gcc -c -g -O2  conftest.c >&5
configure:4818: $? = 0
configure:4818: result: yes
configure:4832: checking minix/config.h usability
configure:4832: gcc -c -g -O2  conftest.c >&5
conftest.c:54:10: fatal error: minix/config.h: No such file or directory
   54 | #include <minix/config.h>
      |          ^~~~~~~~~~~~~~~~
compilation terminated.
configure:4832: $? = 1
configure: failed program was:
| /* confdefs.h */
| #define PACKAGE_NAME ""
| #define PACKAGE_TARNAME ""
| #define PACKAGE_VERSION ""
| #define PACKAGE_STRING ""
| #define PACKAGE_BUGREPORT ""
| #define PACKAGE_URL ""
| #define PACKAGE "gas"
| #define VERSION "2.24"
| #define STDC_HEADERS 1
| #define HAVE_SYS_TYPES_H 1
| #define HAVE_SYS_STAT_H 1
| #define HAVE_STDLIB_H 1
| #define HAVE_STRING_H 1
| #define HAVE_MEMORY_H 1
| #define HAVE_STRINGS_H 1
| #define HAVE_INTTYPES_H 1
| #define HAVE_STDINT_H 1
| #define HAVE_UNISTD_H 1
| /* end confdefs.h.  */
| #include <stdio.h>
| #ifdef HAVE_SYS_TYPES_H
| # include <sys/types.h>
| #endif
| #ifdef HAVE_SYS_STAT_H
| # include <sys/stat.h>
| #endif
| #ifdef STDC_HEADERS
| # include <stdlib.h>
| # include <stddef.h>
| #else
| # ifdef HAVE_STDLIB_H
| #  include <stdlib.h>
| # endif
| #endif
| #ifdef HAVE_STRING_H
| # if !defined STDC_HEADERS && defined HAVE_MEMORY_H
| #  include <memory.h>
| # endif
| # include <string.h>
| #endif
| #ifdef HAVE_STRINGS_H
| # include <strings.h>
| #endif
| #ifdef HAVE_INTTYPES_H
| # include <inttypes.h>
| #endif
| #ifdef HAVE_STDINT_H
| # include <stdint.h>
| #endif
| #ifdef HAVE_UNISTD_H
| # include <unistd.h>
| #endif
| #include <minix/config.h>
configure:4832: result: no
configure:4832: checking minix/config.h presence
configure:4832: gcc -E  conftest.c
conftest.c:21:10: fatal error: minix/config.h: No such file or directory
   21 | #include <minix/config.h>
      |          ^~~~~~~~~~~~~~~~
compilation terminated.
configure:4832: $? = 1
configure: failed program was:
| /* confdefs.h */
| #define PACKAGE_NAME ""
| #define PACKAGE_TARNAME ""
| #define PACKAGE_VERSION ""
| #define PACKAGE_STRING ""
| #define PACKAGE_BUGREPORT ""
| #define PACKAGE_URL ""
| #define PACKAGE "gas"
| #define VERSION "2.24"
| #define STDC_HEADERS 1
| #define HAVE_SYS_TYPES_H 1
| #define HAVE_SYS_STAT_H 1
| #define HAVE_STDLIB_H 1
| #define HAVE_STRING_H 1
| #define HAVE_MEMORY_H 1
| #define HAVE_STRINGS_H 1
| #define HAVE_INTTYPES_H 1
| #define HAVE_STDINT_H 1
| #define HAVE_UNISTD_H 1
| /* end confdefs.h.  */
| #include <minix/config.h>
configure:4832: result: no
configure:4832: checking for minix/config.h
configure:4832: result: no
configure:4853: checking whether it is safe to define __EXTENSIONS__
configure:4871: gcc -c -g -O2  conftest.c >&5
configure:4871: $? = 0
configure:4878: result: yes
configure:4937: checking for special C compiler options needed for large files
configure:4982: result: no
configure:4988: checking for _FILE_OFFSET_BITS value needed for large files
configure:5013: gcc -c -g -O2  conftest.c >&5
configure:5013: $? = 0
configure:5045: result: no
configure:5176: checking how to print strings
configure:5203: result: printf
configure:5224: checking for a sed that does not truncate output
configure:5288: result: /usr/bin/sed
configure:5306: checking for fgrep
configure:5368: result: /usr/bin/grep -F
configure:5403: checking for ld used by gcc
configure:5470: result: ld
configure:5477: checking if the linker (ld) is GNU ld
configure:5492: result: yes
configure:5504: checking for BSD- or MS-compatible name lister (nm)
configure:5553: result: nm
configure:5683: checking the name lister (nm) interface
configure:5690: gcc -c -g -O2  conftest.c >&5
configure:5693: nm "conftest.o"
configure:5696: output
0000000000000000 B some_variable
configure:5703: result: BSD nm
configure:5706: checking whether ln -s works
configure:5710: result: yes
configure:5718: checking the maximum length of command line arguments
configure:5843: result: 1572864
configure:5860: checking whether the shell understands some XSI constructs
configure:5870: result: yes
configure:5874: checking whether the shell understands "+="
configure:5880: result: yes
configure:5915: checking for ld option to reload object files
configure:5922: result: -r
configure:5951: checking for aarch64-unknown-linux-gnu-objdump
configure:5978: result: objdump
configure:6050: checking how to recognize dependent libraries
configure:6251: result: pass_all
configure:6271: checking for aarch64-unknown-linux-gnu-ar
configure:6298: result: ar
configure:6376: checking for aarch64-unknown-linux-gnu-strip
configure:6406: result: no
configure:6416: checking for strip
configure:6432: found /usr/bin/strip
configure:6443: result: strip
configure:6475: checking for aarch64-unknown-linux-gnu-ranlib
configure:6502: result: ranlib
configure:6644: checking command to parse nm output from gcc object
configure:6762: gcc -c -g -O2  conftest.c >&5
configure:6765: $? = 0
configure:6769: nm conftest.o \| sed -n -e 's/^.*[ ]\([ABCDGIRSTW][ABCDGIRSTW]*\)[ ][ ]*\([_A-Za-z][_A-Za-z0-9]*\)$/\1 \2 \2/p' \> conftest.nm
configure:6772: $? = 0
configure:6826: gcc -o conftest -g -O2  -static-libstdc++ -static-libgcc  conftest.c conftstm.o >&5
configure:6829: $? = 0
configure:6867: result: ok
configure:7715: checking for dlfcn.h
configure:7715: gcc -c -g -O2  conftest.c >&5
configure:7715: $? = 0
configure:7715: result: yes
configure:7902: checking for objdir
configure:7917: result: .libs
configure:8188: checking if gcc supports -fno-rtti -fno-exceptions
configure:8206: gcc -c -g -O2  -fno-rtti -fno-exceptions conftest.c >&5
cc1: warning: command-line option '-fno-rtti' is valid for C++/D/ObjC++ but not for C
configure:8210: $? = 0
configure:8223: result: no
configure:8243: checking for gcc option to produce PIC
configure:8529: result: -fPIC -DPIC
configure:8541: checking if gcc PIC flag -fPIC -DPIC works
configure:8559: gcc -c -g -O2  -fPIC -DPIC -DPIC conftest.c >&5
configure:8563: $? = 0
configure:8576: result: yes
configure:8600: checking if gcc static flag -static works
configure:8628: result: yes
configure:8643: checking if gcc supports -c -o file.o
configure:8664: gcc -c -g -O2  -o out/conftest2.o conftest.c >&5
configure:8668: $? = 0
configure:8690: result: yes
configure:8698: checking if gcc supports -c -o file.o
configure:8745: result: yes
configure:8778: checking whether the gcc linker (ld) supports shared libraries
configure:9849: result: yes
configure:9886: checking whether -lc should be explicitly linked in
configure:9894: gcc -c -g -O2  conftest.c >&5
configure:9897: $? = 0
configure:9912: gcc -shared conftest.o  -v -Wl,-soname -Wl,conftest -o conftest 2\>\&1 \| /usr/bin/grep  -lc  \>/dev/null 2\>\&1
configure:9915: $? = 0
configure:9929: result: no
configure:10094: checking dynamic linker characteristics
configure:10545: gcc -o conftest -g -O2  -static-libstdc++ -static-libgcc  -Wl,-rpath -Wl,/foo conftest.c  >&5
configure:10545: $? = 0
configure:10767: result: GNU/Linux ld.so
configure:10874: checking how to hardcode library paths into programs
configure:10899: result: immediate
configure:11439: checking whether stripping libraries is possible
configure:11444: result: yes
configure:11479: checking if libtool supports shared libraries
configure:11481: result: yes
configure:11484: checking whether to build shared libraries
configure:11505: result: yes
configure:11508: checking whether to build static libraries
configure:11512: result: yes
configure:11675: checking whether byte ordering is bigendian
configure:11690: gcc -c -g -O2  conftest.c >&5
conftest.c:29:16: error: unknown type name 'not'
   29 |                not a universal capable compiler
      |                ^~~
conftest.c:29:22: error: expected '=', ',', ';', 'asm' or '__attribute__' before 'universal'
   29 |                not a universal capable compiler
      |                      ^~~~~~~~~
conftest.c:29:22: error: unknown type name 'universal'
configure:11690: $? = 1
configure: failed program was:
| /* confdefs.h */
| #define PACKAGE_NAME ""
| #define PACKAGE_TARNAME ""
| #define PACKAGE_VERSION ""
| #define PACKAGE_STRING ""
| #define PACKAGE_BUGREPORT ""
| #define PACKAGE_URL ""
| #define PACKAGE "gas"
| #define VERSION "2.24"
| #define STDC_HEADERS 1
| #define HAVE_SYS_TYPES_H 1
| #define HAVE_SYS_STAT_H 1
| #define HAVE_STDLIB_H 1
| #define HAVE_STRING_H 1
| #define HAVE_MEMORY_H 1
| #define HAVE_STRINGS_H 1
| #define HAVE_INTTYPES_H 1
| #define HAVE_STDINT_H 1
| #define HAVE_UNISTD_H 1
| #define __EXTENSIONS__ 1
| #define _ALL_SOURCE 1
| #define _GNU_SOURCE 1
| #define _POSIX_PTHREAD_SEMANTICS 1
| #define _TANDEM_SOURCE 1
| #define HAVE_DLFCN_H 1
| #define LT_OBJDIR ".libs/"
| /* end confdefs.h.  */
| #ifndef __APPLE_CC__
| 	       not a universal capable compiler
| 	     #endif
| 	     typedef int dummy;
| 
configure:11735: gcc -c -g -O2  conftest.c >&5
configure:11735: $? = 0
configure:11753: gcc -c -g -O2  conftest.c >&5
conftest.c: In function 'main':
conftest.c:35:18: error: unknown type name 'not'; did you mean 'ino_t'?
   35 |                  not big endian
      |                  ^~~
      |                  ino_t
conftest.c:35:26: error: expected '=', ',', ';', 'asm' or '__attribute__' before 'endian'
   35 |                  not big endian
      |                          ^~~~~~
configure:11753: $? = 1
configure: failed program was:
| /* confdefs.h */
| #define PACKAGE_NAME ""
| #define PACKAGE_TARNAME ""
| #define PACKAGE_VERSION ""
| #define PACKAGE_STRING ""
| #define PACKAGE_BUGREPORT ""
| #define PACKAGE_URL ""
| #define PACKAGE "gas"
| #define VERSION "2.24"
| #define STDC_HEADERS 1
| #define HAVE_SYS_TYPES_H 1
| #define HAVE_SYS_STAT_H 1
| #define HAVE_STDLIB_H 1
| #define HAVE_STRING_H 1
| #define HAVE_MEMORY_H 1
| #define HAVE_STRINGS_H 1
| #define HAVE_INTTYPES_H 1
| #define HAVE_STDINT_H 1
| #define HAVE_UNISTD_H 1
| #define __EXTENSIONS__ 1
| #define _ALL_SOURCE 1
| #define _GNU_SOURCE 1
| #define _POSIX_PTHREAD_SEMANTICS 1
| #define _TANDEM_SOURCE 1
| #define HAVE_DLFCN_H 1
| #define LT_OBJDIR ".libs/"
| /* end confdefs.h.  */
| #include <sys/types.h>
| 		#include <sys/param.h>
| 
| int
| main ()
| {
| #if BYTE_ORDER != BIG_ENDIAN
| 		 not big endian
| 		#endif
| 
|   ;
|   return 0;
| }
configure:11881: result: no
configure:12549: checking for bison
configure:12576: result: /home/parallels/os161/toolbuild/binutils-2.24+os161-2.1/missing bison -y
configure:12592: checking for flex
configure:12619: result: /home/parallels/os161/toolbuild/binutils-2.24+os161-2.1/missing flex
configure:12656: /home/parallels/os161/toolbuild/binutils-2.24+os161-2.1/missing flex conftest.l
WARNING: `flex' is missing on your system.  You should only need it if
         you modified a `.l' file.  You may need the `Flex' package
         in order for those modifications to take effect.  You can get
         `Flex' from any GNU archive site.
configure:12660: $? = 0
configure:12662: checking lex output file root
configure:12676: result: lex.yy
configure:12681: checking lex library
configure:12695: gcc -o conftest -g -O2  -static-libstdc++ -static-libgcc  conftest.c   >&5
conftest.c:41:1: warning: return type defaults to 'int' [-Wimplicit-int]
   41 | main() { return 0; }
      | ^~~~
configure:12695: $? = 0
configure:12705: result: 
configure:12711: checking whether yytext is a pointer
configure:12727: gcc -o conftest -g -O2  -static-libstdc++ -static-libgcc  conftest.c   >&5
conftest.c:42:1: warning: return type defaults to 'int' [-Wimplicit-int]
   42 | main() { return 0; }
      | ^~~~
configure:12727: $? = 0
configure:12735: result: yes
configure:12763: checking whether NLS is requested
configure:12769: result: yes
configure:12775: checking for catalogs to be installed
configure:12807: result:  es fi fr id ja ru rw tr es fi fr id ja ru rw tr
configure:12834: checking whether NLS is requested
configure:12843: result: yes
configure:12881: checking for msgfmt
configure:12915: result: no
configure:12921: checking for gmsgfmt
configure:12952: result: :
configure:12992: checking for xgettext
configure:13026: result: no
configure:13063: checking for msgmerge
configure:13096: result: no
configure:13130: checking whether to enable maintainer-specific portions of Makefiles
configure:13139: result: no
configure:13165: checking for string.h
configure:13165: result: yes
configure:13165: checking for stdlib.h
configure:13165: result: yes
configure:13165: checking for memory.h
configure:13165: result: yes
configure:13165: checking for strings.h
configure:13165: result: yes
configure:13165: checking for unistd.h
configure:13165: result: yes
configure:13165: checking errno.h usability
configure:13165: gcc -c -g -O2  conftest.c >&5
configure:13165: $? = 0
configure:13165: result: yes
configure:13165: checking errno.h presence
configure:13165: gcc -E  conftest.c
configure:13165: $? = 0
configure:13165: result: yes
configure:13165: checking for errno.h
configure:13165: result: yes
configure:13165: checking for sys/types.h
configure:13165: result: yes
configure:13165: checking limits.h usability
configure:13165: gcc -c -g -O2  conftest.c >&5
configure:13165: $? = 0
configure:13165: result: yes
configure:13165: checking limits.h presence
configure:13165: gcc -E  conftest.c
configure:13165: $? = 0
configure:13165: result: yes
configure:13165: checking for limits.h
configure:13165: result: yes
configure:13165: checking locale.h usability
configure:13165: gcc -c -g -O2  conftest.c >&5
configure:13165: $? = 0
configure:13165: result: yes
configure:13165: checking locale.h presence
configure:13165: gcc -E  conftest.c
configure:13165: $? = 0
configure:13165: result: yes
configure:13165: checking for locale.h
configure:13165: result: yes
configure:13165: checking time.h usability
configure:13165: gcc -c -g -O2  conftest.c >&5
configure:13165: $? = 0
configure:13165: result: yes
configure:13165: checking time.h presence
configure:13165: gcc -E  conftest.c
configure:13165: $? = 0
configure:13165: result: yes
configure:13165: checking for time.h
configure:13165: result: yes
configure:13165: checking for sys/stat.h
configure:13165: result: yes
configure:13176: checking whether string.h and strings.h may both be included
configure:13193: gcc -c -g -O2  conftest.c >&5
configure:13193: $? = 0
configure:13200: result: yes
configure:13211: checking whether compiling a cross-assembler
configure:13221: result: yes
configure:13226: checking for working alloca.h
configure:13243: gcc -o conftest -g -O2  -static-libstdc++ -static-libgcc  conftest.c  >&5
configure:13243: $? = 0
configure:13251: result: yes
configure:13259: checking for alloca
configure:13296: gcc -o conftest -g -O2  -static-libstdc++ -static-libgcc  conftest.c  >&5
configure:13296: $? = 0
configure:13304: result: yes
configure:13414: checking for inline
configure:13430: gcc -c -g -O2  conftest.c >&5
configure:13430: $? = 0
configure:13438: result: inline
configure:13461: checking for unlink
configure:13461: gcc -o conftest -g -O2  -static-libstdc++ -static-libgcc  conftest.c  >&5
configure:13461: $? = 0
configure:13461: result: yes
configure:13474: checking for sbrk
configure:13474: gcc -o conftest -g -O2  -static-libstdc++ -static-libgcc  conftest.c  >&5
configure:13474: $? = 0
configure:13474: result: yes
configure:13474: checking for setlocale
configure:13474: gcc -o conftest -g -O2  -static-libstdc++ -static-libgcc  conftest.c  >&5
configure:13474: $? = 0
configure:13474: result: yes
configure:13486: checking for LC_MESSAGES
configure:13502: gcc -o conftest -g -O2  -static-libstdc++ -static-libgcc  conftest.c  >&5
configure:13502: $? = 0
configure:13510: result: yes
configure:13661: checking for working assert macro
configure:13686: gcc -o conftest -g -O2  -static-libstdc++ -static-libgcc  conftest.c  >&5
In file included from conftest.c:62:
conftest.c: In function 'main':
conftest.c:71:10: warning: implicit declaration of function 'strcmp' [-Wimplicit-function-declaration]
   71 | assert (!strcmp(s, "foo bar baz quux"));
      |          ^~~~~~
conftest.c:64:1: note: include '<string.h>' or provide a declaration of 'strcmp'
   63 | #include <stdio.h>
   64 | int
conftest.c:71:10: warning: argument 1 null where non-null expected [-Wnonnull]
   71 | assert (!strcmp(s, "foo bar baz quux"));
      |          ^~~~~~~~~~~~~~~~~~~~~~~~~~~~~
conftest.c:71:10: note: in a call to built-in function 'strcmp'
configure:13686: $? = 0
configure:13694: result: yes
configure:13726: checking whether declaration is required for errno
configure:13750: gcc -o conftest -g -O2  -static-libstdc++ -static-libgcc  conftest.c  >&5
configure:13750: $? = 0
configure:13758: result: no
configure:13767: checking for a known getopt prototype in unistd.h
configure:13783: gcc -c -g -O2  conftest.c >&5
configure:13783: $? = 0
configure:13791: result: yes
configure:13800: checking whether declaration is required for environ
configure:13820: gcc -o conftest -g -O2  -static-libstdc++ -static-libgcc  conftest.c  >&5
configure:13820: $? = 0
configure:13828: result: no
configure:13837: checking whether declaration is required for ffs
configure:13857: gcc -o conftest -g -O2  -static-libstdc++ -static-libgcc  conftest.c  >&5
configure:13857: $? = 0
configure:13865: result: no
configure:13874: checking whether declaration is required for free
configure:13894: gcc -o conftest -g -O2  -static-libstdc++ -static-libgcc  conftest.c  >&5
configure:13894: $? = 0
configure:13902: result: no
configure:13911: checking whether declaration is required for malloc
configure:13931: gcc -o conftest -g -O2  -static-libstdc++ -static-libgcc  conftest.c  >&5
configure:13931: $? = 0
configure:13939: result: no
configure:13948: checking whether declaration is required for sbrk
configure:13968: gcc -o conftest -g -O2  -static-libstdc++ -static-libgcc  conftest.c  >&5
configure:13968: $? = 0
configure:13976: result: no
configure:13985: checking whether declaration is required for strstr
configure:14005: gcc -o conftest -g -O2  -static-libstdc++ -static-libgcc  conftest.c  >&5
configure:14005: $? = 0
configure:14013: result: no
configure:14022: checking whether free is declared
configure:14022: gcc -c -g -O2  conftest.c >&5
configure:14022: $? = 0
configure:14022: result: yes
configure:14032: checking whether getenv is declared
configure:14032: gcc -c -g -O2  conftest.c >&5
configure:14032: $? = 0
configure:14032: result: yes
configure:14042: checking whether malloc is declared
configure:14042: gcc -c -g -O2  conftest.c >&5
configure:14042: $? = 0
configure:14042: result: yes
configure:14052: checking whether mempcpy is declared
configure:14052: gcc -c -g -O2  conftest.c >&5
configure:14052: $? = 0
configure:14052: result: yes
configure:14062: checking whether realloc is declared
configure:14062: gcc -c -g -O2  conftest.c >&5
configure:14062: $? = 0
configure:14062: result: yes
configure:14072: checking whether stpcpy is declared
configure:14072: gcc -c -g -O2  conftest.c >&5
configure:14072: $? = 0
configure:14072: result: yes
configure:14082: checking whether strstr is declared
configure:14082: gcc -c -g -O2  conftest.c >&5
configure:14082: $? = 0
configure:14082: result: yes
configure:14092: checking whether vsnprintf is declared
configure:14092: gcc -c -g -O2  conftest.c >&5
configure:14092: $? = 0
configure:14092: result: yes
configure:14125: checking for library containing zlibVersion
configure:14156: gcc -o conftest -g -O2  -static-libstdc++ -static-libgcc  conftest.c  >&5
/usr/bin/ld: /tmp/cckKjCyE.o: in function `main':
/home/parallels/os161/toolbuild/binutils-2.24+os161-2.1/gas/conftest.c:82:(.text.startup+0x8): undefined reference to `zlibVersion'
collect2: error: ld returned 1 exit status
configure:14156: $? = 1
configure: failed program was:
| /* confdefs.h */
| #define PACKAGE_NAME ""
| #define PACKAGE_TARNAME ""
| #define PACKAGE_VERSION ""
| #define PACKAGE_STRING ""
| #define PACKAGE_BUGREPORT ""
| #define PACKAGE_URL ""
| #define PACKAGE "gas"
| #define VERSION "2.24"
| #define STDC_HEADERS 1
| #define HAVE_SYS_TYPES_H 1
| #define HAVE_SYS_STAT_H 1
| #define HAVE_STDLIB_H 1
| #define HAVE_STRING_H 1
| #define HAVE_MEMORY_H 1
| #define HAVE_STRINGS_H 1
| #define HAVE_INTTYPES_H 1
| #define HAVE_STDINT_H 1
| #define HAVE_UNISTD_H 1
| #define __EXTENSIONS__ 1
| #define _ALL_SOURCE 1
| #define _GNU_SOURCE 1
| #define _POSIX_PTHREAD_SEMANTICS 1
| #define _TANDEM_SOURCE 1
| #define HAVE_DLFCN_H 1
| #define LT_OBJDIR ".libs/"
| #define TARGET_BYTES_BIG_ENDIAN 1
| #define MIPS_CPU_STRING_DEFAULT "from-abi"
| #define USE_E_MIPS_ABI_O32 1
| #define MIPS_DEFAULT_64BIT 0
| #define MIPS_DEFAULT_ABI NO_ABI
| #define USE_EMULATIONS 1
| #define EMULATIONS  &mipsbelf, &mipslelf, &mipself,
| #define DEFAULT_EMULATION "mipsbelf"
| #define TARGET_ALIAS "mips-harvard-os161"
| #define TARGET_CANONICAL "mips-harvard-os161"
| #define TARGET_CPU "mips"
| #define TARGET_VENDOR "harvard"
| #define TARGET_OS "os161"
| #define YYTEXT_POINTER 1
| #define ENABLE_NLS 1
| #define HAVE_STRING_H 1
| #define HAVE_STDLIB_H 1
| #define HAVE_MEMORY_H 1
| #define HAVE_STRINGS_H 1
| #define HAVE_UNISTD_H 1
| #define HAVE_ERRNO_H 1
| #define HAVE_SYS_TYPES_H 1
| #define HAVE_LIMITS_H 1
| #define HAVE_LOCALE_H 1
| #define HAVE_TIME_H 1
| #define HAVE_SYS_STAT_H 1
| #define STRING_WITH_STRINGS 1
| #define CROSS_COMPILE 1
| #define HAVE_ALLOCA_H 1
| #define HAVE_ALLOCA 1
| #define HAVE_UNLINK 1
| #define HAVE_SBRK 1
| #define HAVE_SETLOCALE 1
| #define HAVE_LC_MESSAGES 1
| #define HAVE_DECL_GETOPT 1
| #define HAVE_DECL_FREE 1
| #define HAVE_DECL_GETENV 1
| #define HAVE_DECL_MALLOC 1
| #define HAVE_DECL_MEMPCPY 1
| #define HAVE_DECL_REALLOC 1
| #define HAVE_DECL_STPCPY 1
| #define HAVE_DECL_STRSTR 1
| #define HAVE_DECL_VSNPRINTF 1
| /* end confdefs.h.  */
| 
| /* Override any GCC internal prototype to avoid an error.
|    Use char because int might match the return type of a GCC
|    builtin and then its argument prototype would still apply.  */
| #ifdef __cplusplus
| extern "C"
| #endif
| char zlibVersion ();
| int
| main ()
| {
| return zlibVersion ();
|   ;
|   return 0;
| }
configure:14156: gcc -o conftest -g -O2  -static-libstdc++ -static-libgcc  conftest.c -lz   >&5
configure:14156: $? = 0
configure:14173: result: -lz
configure:14180: checking zlib.h usability
configure:14180: gcc -c -g -O2  conftest.c >&5
configure:14180: $? = 0
configure:14180: result: yes
configure:14180: checking zlib.h presence
configure:14180: gcc -E  conftest.c
configure:14180: $? = 0
configure:14180: result: yes
configure:14180: checking for zlib.h
configure:14180: result: yes
configure:14201: checking for struct tm.tm_gmtoff in time.h
configure:14219: gcc -c -g -O2  conftest.c >&5
In file included from /usr/include/time.h:25,
                 from conftest.c:74:
/usr/include/features.h:196:3: warning: #warning "_BSD_SOURCE and _SVID_SOURCE are deprecated, use _DEFAULT_SOURCE" [-Wcpp]
  196 | # warning "_BSD_SOURCE and _SVID_SOURCE are deprecated, use _DEFAULT_SOURCE"
      |   ^~~~~~~
configure:14219: $? = 0
configure:14233: result: yes
configure:14239: checking for struct stat.st_mtim.tv_sec in sys/stat.h
configure:14257: gcc -c -g -O2  conftest.c >&5
In file included from /usr/include/aarch64-linux-gnu/sys/stat.h:25,
                 from conftest.c:75:
/usr/include/features.h:196:3: warning: #warning "_BSD_SOURCE and _SVID_SOURCE are deprecated, use _DEFAULT_SOURCE" [-Wcpp]
  196 | # warning "_BSD_SOURCE and _SVID_SOURCE are deprecated, use _DEFAULT_SOURCE"
      |   ^~~~~~~
configure:14257: $? = 0
configure:14271: result: yes
configure:14274: checking for struct stat.st_mtim.tv_nsec in sys/stat.h
configure:14292: gcc -c -g -O2  conftest.c >&5
In file included from /usr/include/aarch64-linux-gnu/sys/stat.h:25,
                 from conftest.c:76:
/usr/include/features.h:196:3: warning: #warning "_BSD_SOURCE and _SVID_SOURCE are deprecated, use _DEFAULT_SOURCE" [-Wcpp]
  196 | # warning "_BSD_SOURCE and _SVID_SOURCE are deprecated, use _DEFAULT_SOURCE"
      |   ^~~~~~~
configure:14292: $? = 0
configure:14306: result: yes
configure:14381: updating cache ./config.cache
configure:14443: creating ./config.status

## ---------------------- ##
## Running config.status. ##
## ---------------------- ##

This file was extended by config.status, which was
generated by GNU Autoconf 2.64.  Invocation command line was

  CONFIG_FILES    = 
  CONFIG_HEADERS  = 
  CONFIG_LINKS    = 
  CONFIG_COMMANDS = 
  $ ./config.status 

on ubuntu-linux-2404

config.status:1172: creating .gdbinit
config.status:1172: creating Makefile
config.status:1172: creating doc/Makefile
config.status:1172: creating po/Makefile.in
config.status:1172: creating config.h
config.status:1392: executing depfiles commands
config.status:1392: executing libtool commands
config.status:1392: executing default-1 commands
config.status:1392: executing default commands

## ---------------- ##
## Cache variables. ##
## ---------------- ##

ac_cv_build=aarch64-unknown-linux-gnu
ac_cv_c_bigendian=no
ac_cv_c_compiler_gnu=yes
ac_cv_c_inline=inline
ac_cv_env_CC_set=set
ac_cv_env_CC_value=gcc
ac_cv_env_CFLAGS_set=set
ac_cv_env_CFLAGS_value='-g -O2'
ac_cv_env_CPPFLAGS_set=
ac_cv_env_CPPFLAGS_value=
ac_cv_env_CPP_set=
ac_cv_env_CPP_value=
ac_cv_env_LDFLAGS_set=set
ac_cv_env_LDFLAGS_value='-static-libstdc++ -static-libgcc '
ac_cv_env_LIBS_set=
ac_cv_env_LIBS_value=
ac_cv_env_YACC_set=set
ac_cv_env_YACC_value='/home/parallels/os161/toolbuild/binutils-2.24+os161-2.1/missing bison -y'
ac_cv_env_YFLAGS_set=
ac_cv_env_YFLAGS_value=
ac_cv_env_build_alias_set=set
ac_cv_env_build_alias_value=aarch64-unknown-linux-gnu
ac_cv_env_host_alias_set=set
ac_cv_env_host_alias_value=aarch64-unknown-linux-gnu
ac_cv_env_target_alias_set=set
ac_cv_env_target_alias_value=mips-harvard-os161
ac_cv_func_alloca_works=yes
ac_cv_func_sbrk=yes
ac_cv_func_setlocale=yes
ac_cv_func_unlink=yes
ac_cv_have_decl_free=yes
ac_cv_have_decl_getenv=yes
ac_cv_have_decl_malloc=yes
ac_cv_have_decl_mempcpy=yes
ac_cv_have_decl_realloc=yes
ac_cv_have_decl_stpcpy=yes
ac_cv_have_decl_strstr=yes
ac_cv_have_decl_vsnprintf=yes
ac_cv_header_dlfcn_h=yes
ac_cv_header_errno_h=yes
ac_cv_header_inttypes_h=yes
ac_cv_header_limits_h=yes
ac_cv_header_locale_h=yes
ac_cv_header_memory_h=yes
ac_cv_header_minix_config_h=no
ac_cv_header_stdc=yes
ac_cv_header_stdint_h=yes
ac_cv_header_stdlib_h=yes
ac_cv_header_string_h=yes
ac_cv_header_strings_h=yes
ac_cv_header_sys_stat_h=yes
ac_cv_header_sys_types_h=yes
ac_cv_header_time_h=yes
ac_cv_header_unistd_h=yes
ac_cv_header_zlib_h=yes
ac_cv_host=aarch64-unknown-linux-gnu
ac_cv_lib_lex=
ac_cv_objext=o
ac_cv_path_EGREP='/usr/bin/grep -E'
ac_cv_path_FGREP='/usr/bin/grep -F'
ac_cv_path_GMSGFMT=:
ac_cv_path_GREP=/usr/bin/grep
ac_cv_path_MSGFMT=:
ac_cv_path_MSGMERGE=:
ac_cv_path_SED=/usr/bin/sed
ac_cv_path_XGETTEXT=:
ac_cv_path_mkdir=/usr/bin/mkdir
ac_cv_prog_AR=ar
ac_cv_prog_AWK=gawk
ac_cv_prog_CC=gcc
ac_cv_prog_CPP='gcc -E'
ac_cv_prog_LEX='/home/parallels/os161/toolbuild/binutils-2.24+os161-2.1/missing flex'
ac_cv_prog_OBJDUMP=objdump
ac_cv_prog_RANLIB=ranlib
ac_cv_prog_YACC='/home/parallels/os161/toolbuild/binutils-2.24+os161-2.1/missing bison -y'
ac_cv_prog_ac_ct_STRIP=strip
ac_cv_prog_cc_c89=
ac_cv_prog_cc_g=yes
ac_cv_prog_lex_root=lex.yy
ac_cv_prog_lex_yytext_pointer=yes
ac_cv_prog_make_make_set=yes
ac_cv_safe_to_define___extensions__=yes
ac_cv_search_strerror='none required'
ac_cv_search_zlibVersion=-lz
ac_cv_sys_file_offset_bits=no
ac_cv_sys_largefile_CC=no
ac_cv_target=mips-harvard-os161
ac_cv_working_alloca_h=yes
am_cv_CC_dependencies_compiler_type=gcc3
am_cv_val_LC_MESSAGES=yes
gas_cv_assert_ok=yes
gas_cv_decl_getopt_unistd_h=yes
gas_cv_decl_needed_environ=no
gas_cv_decl_needed_errno=no
gas_cv_decl_needed_ffs=no
gas_cv_decl_needed_free=no
gas_cv_decl_needed_malloc=no
gas_cv_decl_needed_sbrk=no
gas_cv_decl_needed_strstr=no
gas_cv_have_sys_stat_type_member_st_mtim_tv_nsec=yes
gas_cv_have_sys_stat_type_member_st_mtim_tv_sec=yes
gas_cv_have_time_type_member_tm_gmtoff=yes
gcc_cv_header_string=yes
lt_cv_archive_cmds_need_lc=no
lt_cv_deplibs_check_method=pass_all
lt_cv_file_magic_cmd='$MAGIC_CMD'
lt_cv_file_magic_test_file=
lt_cv_ld_reload_flag=-r
lt_cv_nm_interface='BSD nm'
lt_cv_objdir=.libs
lt_cv_path_LD=ld
lt_cv_path_NM=nm
lt_cv_prog_compiler_c_o=yes
lt_cv_prog_compiler_pic_works=yes
lt_cv_prog_compiler_rtti_exceptions=no
lt_cv_prog_compiler_static_works=yes
lt_cv_prog_gnu_ld=yes
lt_cv_shlibpath_overrides_runpath=yes
lt_cv_sys_global_symbol_pipe='sed -n -e '\''s/^.*[	 ]\([ABCDGIRSTW][ABCDGIRSTW]*\)[	 ][	 ]*\([_A-Za-z][_A-Za-z0-9]*\)$/\1 \2 \2/p'\'''
lt_cv_sys_global_symbol_to_c_name_address='sed -n -e '\''s/^: \([^ ]*\) $/  {\"\1\", (void *) 0},/p'\'' -e '\''s/^[ABCDGIRSTW]* \([^ ]*\) \([^ ]*\)$/  {"\2", (void *) \&\2},/p'\'''
lt_cv_sys_global_symbol_to_c_name_address_lib_prefix='sed -n -e '\''s/^: \([^ ]*\) $/  {\"\1\", (void *) 0},/p'\'' -e '\''s/^[ABCDGIRSTW]* \([^ ]*\) \(lib[^ ]*\)$/  {"\2", (void *) \&\2},/p'\'' -e '\''s/^[ABCDGIRSTW]* \([^ ]*\) \([^ ]*\)$/  {"lib\2", (void *) \&\2},/p'\'''
lt_cv_sys_global_symbol_to_cdecl='sed -n -e '\''s/^T .* \(.*\)$/extern int \1();/p'\'' -e '\''s/^[ABCDGIRSTW]* .* \(.*\)$/extern char \1;/p'\'''
lt_cv_sys_max_cmd_len=1572864

## ----------------- ##
## Output variables. ##
## ----------------- ##

ACLOCAL='${SHELL} /home/parallels/os161/toolbuild/binutils-2.24+os161-2.1/missing --run aclocal-1.11'
ALLOCA=''
AMDEPBACKSLASH='\'
AMDEP_FALSE='#'
AMDEP_TRUE=''
AMTAR='${SHELL} /home/parallels/os161/toolbuild/binutils-2.24+os161-2.1/missing --run tar'
AR='ar'
AUTOCONF='${SHELL} /home/parallels/os161/toolbuild/binutils-2.24+os161-2.1/missing --run autoconf'
AUTOHEADER='${SHELL} /home/parallels/os161/toolbuild/binutils-2.24+os161-2.1/missing --run autoheader'
AUTOMAKE='${SHELL} /home/parallels/os161/toolbuild/binutils-2.24+os161-2.1/missing --run automake-1.11'
AWK='gawk'
CATALOGS=' es.gmo fi.gmo fr.gmo id.gmo ja.gmo ru.gmo rw.gmo tr.gmo es.gmo fi.gmo fr.gmo id.gmo ja.gmo ru.gmo rw.gmo tr.gmo'
CATOBJEXT='.gmo'
CC='gcc'
CCDEPMODE='depmode=gcc3'
CFLAGS='-g -O2'
CPP='gcc -E'
CPPFLAGS=''
CYGPATH_W='echo'
DATADIRNAME='share'
DEFS='-DHAVE_CONFIG_H'
DEPDIR='.deps'
DSYMUTIL=''
DUMPBIN=''
ECHO_C=''
ECHO_N='-n'
ECHO_T=''
EGREP='/usr/bin/grep -E'
EXEEXT=''
FGREP='/usr/bin/grep -F'
GDBINIT='.gdbinit'
GENCAT='gencat'
GENINSRC_NEVER_FALSE=''
GENINSRC_NEVER_TRUE='#'
GMSGFMT=':'
GREP='/usr/bin/grep'
INCINTL=''
INSTALL_DATA='/usr/bin/install -c -m 644'
INSTALL_PROGRAM='/usr/bin/install -c'
INSTALL_SCRIPT='/usr/bin/install -c'
INSTALL_STRIP_PROGRAM='$(install_sh) -c -s'
INSTOBJEXT='.mo'
LD='ld'
LDFLAGS='-static-libstdc++ -static-libgcc '
LEX='/home/parallels/os161/toolbuild/binutils-2.24+os161-2.1/missing flex'
LEXLIB=''
LEX_OUTPUT_ROOT='lex.yy'
LIBINTL=''
LIBINTL_DEP=''
LIBM=''
LIBOBJS=''
LIBS='-lz '
LIBTOOL='$(SHELL) $(top_builddir)/libtool'
LIPO=''
LN_S='ln -s'
LTLIBOBJS=''
MAINT='#'
MAINTAINER_MODE_FALSE=''
MAINTAINER_MODE_TRUE='#'
MAKEINFO='/home/parallels/os161/toolbuild/binutils-2.24+os161-2.1/missing makeinfo --split-size=5000000'
MKDIR_P='/usr/bin/mkdir -p'
MKINSTALLDIRS='$(top_builddir)/../mkinstalldirs'
MSGFMT=':'
MSGMERGE=':'
NM='nm'
NMEDIT=''
NO_WERROR=''
OBJDUMP='objdump'
OBJEXT='o'
OPCODES_LIB='../opcodes/libopcodes.la'
OTOOL64=''
OTOOL=''
PACKAGE='gas'
PACKAGE_BUGREPORT=''
PACKAGE_NAME=''
PACKAGE_STRING=''
PACKAGE_TARNAME=''
PACKAGE_URL=''
PACKAGE_VERSION=''
PATH_SEPARATOR=':'
POSUB='po'
RANLIB='ranlib'
SED='/usr/bin/sed'
SET_MAKE=''
SHELL='/bin/bash'
STRIP='strip'
USE_NLS='yes'
VERSION='2.24'
WARN_CFLAGS='-W -Wall -Wstrict-prototypes -Wmissing-prototypes -Wshadow'
XGETTEXT=':'
YACC='/home/parallels/os161/toolbuild/binutils-2.24+os161-2.1/missing bison -y'
YFLAGS=''
ac_ct_CC=''
ac_ct_DUMPBIN=''
am__EXEEXT_FALSE=''
am__EXEEXT_TRUE='#'
am__fastdepCC_FALSE='#'
am__fastdepCC_TRUE=''
am__include='include'
am__isrc=''
am__leading_dot='.'
am__quote=''
am__tar='${AMTAR} chof - "$$tardir"'
am__untar='${AMTAR} xf -'
atof='ieee'
bindir='${exec_prefix}/bin'
build='aarch64-unknown-linux-gnu'
build_alias='aarch64-unknown-linux-gnu'
build_cpu='aarch64'
build_os='linux-gnu'
build_vendor='unknown'
cgen_cpu_prefix=''
datadir='${datarootdir}'
datarootdir='${prefix}/share'
docdir='${datarootdir}/doc/${PACKAGE}'
dvidir='${docdir}'
exec_prefix='${prefix}'
extra_objects=' itbl-parse.o itbl-lex-wrapper.o itbl-ops.o  e-mipself.o'
host='aarch64-unknown-linux-gnu'
host_alias='aarch64-unknown-linux-gnu'
host_cpu='aarch64'
host_os='linux-gnu'
host_vendor='unknown'
htmldir='${docdir}'
includedir='${prefix}/include'
infodir='${datarootdir}/info'
install_sh='${SHELL} /home/parallels/os161/toolbuild/binutils-2.24+os161-2.1/install-sh'
install_tooldir='install-exec-tooldir'
libdir='${exec_prefix}/lib'
libexecdir='${exec_prefix}/libexec'
localedir='${datarootdir}/locale'
localstatedir='${prefix}/var'
mandir='${datarootdir}/man'
mkdir_p='/usr/bin/mkdir -p'
obj_format='elf'
oldincludedir='/usr/include'
pdfdir='${docdir}'
prefix='/home/parallels/os161/tools'
program_transform_name='s&^&mips-harvard-os161-&'
psdir='${docdir}'
sbindir='${exec_prefix}/sbin'
sharedstatedir='${prefix}/com'
sysconfdir='${prefix}/etc'
target='mips-harvard-os161'
target_alias='mips-harvard-os161'
target_cpu='mips'
target_cpu_type='mips'
target_os='os161'
target_vendor='harvard'
te_file='tmips'

## ----------- ##
## confdefs.h. ##
## ----------- ##

/* confdefs.h */
#define PACKAGE_NAME ""
#define PACKAGE_TARNAME ""
#define PACKAGE_VERSION ""
#define PACKAGE_STRING ""
#define PACKAGE_BUGREPORT ""
#define PACKAGE_URL ""
#define PACKAGE "gas"
#define VERSION "2.24"
#define STDC_HEADERS 1
#define HAVE_SYS_TYPES_H 1
#define HAVE_SYS_STAT_H 1
#define HAVE_STDLIB_H 1
#define HAVE_STRING_H 1
#define HAVE_MEMORY_H 1
#define HAVE_STRINGS_H 1
#define HAVE_INTTYPES_H 1
#define HAVE_STDINT_H 1
#define HAVE_UNISTD_H 1
#define __EXTENSIONS__ 1
#define _ALL_SOURCE 1
#define _GNU_SOURCE 1
#define _POSIX_PTHREAD_SEMANTICS 1
#define _TANDEM_SOURCE 1
#define HAVE_DLFCN_H 1
#define LT_OBJDIR ".libs/"
#define TARGET_BYTES_BIG_ENDIAN 1
#define MIPS_CPU_STRING_DEFAULT "from-abi"
#define USE_E_MIPS_ABI_O32 1
#define MIPS_DEFAULT_64BIT 0
#define MIPS_DEFAULT_ABI NO_ABI
#define USE_EMULATIONS 1
#define EMULATIONS  &mipsbelf, &mipslelf, &mipself,
#define DEFAULT_EMULATION "mipsbelf"
#define TARGET_ALIAS "mips-harvard-os161"
#define TARGET_CANONICAL "mips-harvard-os161"
#define TARGET_CPU "mips"
#define TARGET_VENDOR "harvard"
#define TARGET_OS "os161"
#define YYTEXT_POINTER 1
#define ENABLE_NLS 1
#define HAVE_STRING_H 1
#define HAVE_STDLIB_H 1
#define HAVE_MEMORY_H 1
#define HAVE_STRINGS_H 1
#define HAVE_UNISTD_H 1
#define HAVE_ERRNO_H 1
#define HAVE_SYS_TYPES_H 1
#define HAVE_LIMITS_H 1
#define HAVE_LOCALE_H 1
#define HAVE_TIME_H 1
#define HAVE_SYS_STAT_H 1
#define STRING_WITH_STRINGS 1
#define CROSS_COMPILE 1
#define HAVE_ALLOCA_H 1
#define HAVE_ALLOCA 1
#define HAVE_UNLINK 1
#define HAVE_SBRK 1
#define HAVE_SETLOCALE 1
#define HAVE_LC_MESSAGES 1
#define HAVE_DECL_GETOPT 1
#define HAVE_DECL_FREE 1
#define HAVE_DECL_GETENV 1
#define HAVE_DECL_MALLOC 1
#define HAVE_DECL_MEMPCPY 1
#define HAVE_DECL_REALLOC 1
#define HAVE_DECL_STPCPY 1
#define HAVE_DECL_STRSTR 1
#define HAVE_DECL_VSNPRINTF 1
#define HAVE_ZLIB_H 1
#define HAVE_TM_GMTOFF 1
#define HAVE_ST_MTIM_TV_SEC 1
#define HAVE_ST_MTIM_TV_NSEC 1

configure: exit 0
