This file contains any messages produced by compilers while
running configure, to aid debugging if configure makes a mistake.

It was created by configure, which was
generated by GNU Autoconf 2.64.  Invocation command line was

  $ /home/parallels/os161/toolbuild/binutils-2.24+os161-2.1/binutils/configure --cache-file=./config.cache --with-gnu-as --with-gnu-ld --with-system-zlib --nfp --disable-werror --prefix=/home/parallels/os161/tools --program-transform-name=s&^&mips-harvard-os161-& --disable-option-checking --build=aarch64-unknown-linux-gnu --host=aarch64-unknown-linux-gnu --target=mips-harvard-os161 --srcdir=.././binutils

## --------- ##
## Platform. ##
## --------- ##

hostname = ubuntu-linux-2404
uname -m = aarch64
uname -r = 6.8.0-40-generic
uname -s = Linux
uname -v = #40-Ubuntu SMP PREEMPT_DYNAMIC Fri Jul  5 11:20:03 UTC 2024

/usr/bin/uname -p = aarch64
/bin/uname -X     = unknown

/bin/arch              = aarch64
/usr/bin/arch -k       = unknown
/usr/convex/getsysinfo = unknown
/usr/bin/hostinfo      = unknown
/bin/machine           = unknown
/usr/bin/oslevel       = unknown
/bin/universe          = unknown

PATH: /usr/local/sbin
PATH: /usr/local/bin
PATH: /usr/sbin
PATH: /usr/bin
PATH: /sbin
PATH: /bin
PATH: /usr/games
PATH: /usr/local/games
PATH: /snap/bin
PATH: /snap/bin


## ----------- ##
## Core tests. ##
## ----------- ##

configure:2207: creating cache ./config.cache
configure:2312: checking build system type
configure:2326: result: aarch64-unknown-linux-gnu
configure:2346: checking host system type
configure:2359: result: aarch64-unknown-linux-gnu
configure:2379: checking target system type
configure:2392: result: mips-harvard-os161
configure:2426: checking for aarch64-unknown-linux-gnu-gcc
configure:2453: result: gcc
configure:2722: checking for C compiler version
configure:2731: gcc --version >&5
gcc (Ubuntu 13.3.0-6ubuntu2~24.04) 13.3.0
Copyright (C) 2023 Free Software Foundation, Inc.
This is free software; see the source for copying conditions.  There is NO
warranty; not even for MERCHANTABILITY or FITNESS FOR A PARTICULAR PURPOSE.

configure:2742: $? = 0
configure:2731: gcc -v >&5
Using built-in specs.
COLLECT_GCC=gcc
COLLECT_LTO_WRAPPER=/usr/libexec/gcc/aarch64-linux-gnu/13/lto-wrapper
OFFLOAD_TARGET_NAMES=nvptx-none
OFFLOAD_TARGET_DEFAULT=1
Target: aarch64-linux-gnu
Configured with: ../src/configure -v --with-pkgversion='Ubuntu 13.3.0-6ubuntu2~24.04' --with-bugurl=file:///usr/share/doc/gcc-13/README.Bugs --enable-languages=c,ada,c++,go,d,fortran,objc,obj-c++,m2 --prefix=/usr --with-gcc-major-version-only --program-suffix=-13 --program-prefix=aarch64-linux-gnu- --enable-shared --enable-linker-build-id --libexecdir=/usr/libexec --without-included-gettext --enable-threads=posix --libdir=/usr/lib --enable-nls --enable-bootstrap --enable-clocale=gnu --enable-libstdcxx-debug --enable-libstdcxx-time=yes --with-default-libstdcxx-abi=new --enable-libstdcxx-backtrace --enable-gnu-unique-object --disable-libquadmath --disable-libquadmath-support --enable-plugin --enable-default-pie --with-system-zlib --enable-libphobos-checking=release --with-target-system-zlib=auto --enable-objc-gc=auto --enable-multiarch --enable-fix-cortex-a53-843419 --disable-werror --enable-offload-targets=nvptx-none=/build/gcc-13-Nz4ro4/gcc-13-13.3.0/debian/tmp-nvptx/usr --enable-offload-defaulted --without-cuda-driver --enable-checking=release --build=aarch64-linux-gnu --host=aarch64-linux-gnu --target=aarch64-linux-gnu --with-build-config=bootstrap-lto-lean --enable-link-serialization=2
Thread model: posix
Supported LTO compression algorithms: zlib zstd
gcc version 13.3.0 (Ubuntu 13.3.0-6ubuntu2~24.04) 
... rest of stderr output deleted ...
configure:2742: $? = 0
configure:2731: gcc -V >&5
gcc: error: unrecognized command-line option '-V'
gcc: fatal error: no input files
compilation terminated.
configure:2742: $? = 1
configure:2731: gcc -qversion >&5
gcc: error: unrecognized command-line option '-qversion'; did you mean '--version'?
gcc: fatal error: no input files
compilation terminated.
configure:2742: $? = 1
configure:2762: checking for C compiler default output file name
configure:2784: gcc -g -O2  -static-libstdc++ -static-libgcc  conftest.c  >&5
configure:2788: $? = 0
configure:2825: result: a.out
configure:2841: checking whether the C compiler works
configure:2850: ./a.out
configure:2854: $? = 0
configure:2869: result: yes
configure:2876: checking whether we are cross compiling
configure:2878: result: no
configure:2881: checking for suffix of executables
configure:2888: gcc -o conftest -g -O2  -static-libstdc++ -static-libgcc  conftest.c  >&5
configure:2892: $? = 0
configure:2914: result: 
configure:2920: checking for suffix of object files
configure:2942: gcc -c -g -O2  conftest.c >&5
configure:2946: $? = 0
configure:2967: result: o
configure:2971: checking whether we are using the GNU C compiler
configure:2990: gcc -c -g -O2  conftest.c >&5
configure:2990: $? = 0
configure:2999: result: yes
configure:3008: checking whether gcc accepts -g
configure:3028: gcc -c -g  conftest.c >&5
configure:3028: $? = 0
configure:3069: result: yes
configure:3086: checking for gcc option to accept ISO C89
configure:3150: gcc  -c -g -O2  conftest.c >&5
configure:3150: $? = 0
configure:3163: result: none needed
configure:3184: checking for library containing strerror
configure:3215: gcc -o conftest -g -O2  -static-libstdc++ -static-libgcc  conftest.c  >&5
configure:3215: $? = 0
configure:3232: result: none required
configure:3258: checking for a BSD-compatible install
configure:3326: result: /usr/bin/install -c
configure:3337: checking whether build environment is sane
configure:3387: result: yes
configure:3528: checking for a thread-safe mkdir -p
configure:3567: result: /usr/bin/mkdir -p
configure:3580: checking for gawk
configure:3607: result: gawk
configure:3618: checking whether make sets $(MAKE)
configure:3640: result: yes
configure:3670: checking for style of include used by make
configure:3698: result: GNU
configure:3783: checking dependency style of gcc
configure:3893: result: gcc3
configure:3918: checking for aarch64-unknown-linux-gnu-gcc
configure:3945: result: gcc
configure:4214: checking for C compiler version
configure:4223: gcc --version >&5
gcc (Ubuntu 13.3.0-6ubuntu2~24.04) 13.3.0
Copyright (C) 2023 Free Software Foundation, Inc.
This is free software; see the source for copying conditions.  There is NO
warranty; not even for MERCHANTABILITY or FITNESS FOR A PARTICULAR PURPOSE.

configure:4234: $? = 0
configure:4223: gcc -v >&5
Using built-in specs.
COLLECT_GCC=gcc
COLLECT_LTO_WRAPPER=/usr/libexec/gcc/aarch64-linux-gnu/13/lto-wrapper
OFFLOAD_TARGET_NAMES=nvptx-none
OFFLOAD_TARGET_DEFAULT=1
Target: aarch64-linux-gnu
Configured with: ../src/configure -v --with-pkgversion='Ubuntu 13.3.0-6ubuntu2~24.04' --with-bugurl=file:///usr/share/doc/gcc-13/README.Bugs --enable-languages=c,ada,c++,go,d,fortran,objc,obj-c++,m2 --prefix=/usr --with-gcc-major-version-only --program-suffix=-13 --program-prefix=aarch64-linux-gnu- --enable-shared --enable-linker-build-id --libexecdir=/usr/libexec --without-included-gettext --enable-threads=posix --libdir=/usr/lib --enable-nls --enable-bootstrap --enable-clocale=gnu --enable-libstdcxx-debug --enable-libstdcxx-time=yes --with-default-libstdcxx-abi=new --enable-libstdcxx-backtrace --enable-gnu-unique-object --disable-libquadmath --disable-libquadmath-support --enable-plugin --enable-default-pie --with-system-zlib --enable-libphobos-checking=release --with-target-system-zlib=auto --enable-objc-gc=auto --enable-multiarch --enable-fix-cortex-a53-843419 --disable-werror --enable-offload-targets=nvptx-none=/build/gcc-13-Nz4ro4/gcc-13-13.3.0/debian/tmp-nvptx/usr --enable-offload-defaulted --without-cuda-driver --enable-checking=release --build=aarch64-linux-gnu --host=aarch64-linux-gnu --target=aarch64-linux-gnu --with-build-config=bootstrap-lto-lean --enable-link-serialization=2
Thread model: posix
Supported LTO compression algorithms: zlib zstd
gcc version 13.3.0 (Ubuntu 13.3.0-6ubuntu2~24.04) 
... rest of stderr output deleted ...
configure:4234: $? = 0
configure:4223: gcc -V >&5
gcc: error: unrecognized command-line option '-V'
gcc: fatal error: no input files
compilation terminated.
configure:4234: $? = 1
configure:4223: gcc -qversion >&5
gcc: error: unrecognized command-line option '-qversion'; did you mean '--version'?
gcc: fatal error: no input files
compilation terminated.
configure:4234: $? = 1
configure:4238: checking whether we are using the GNU C compiler
configure:4266: result: yes
configure:4275: checking whether gcc accepts -g
configure:4336: result: yes
configure:4353: checking for gcc option to accept ISO C89
configure:4430: result: none needed
configure:4455: checking how to run the C preprocessor
configure:4486: gcc -E  conftest.c
configure:4486: $? = 0
configure:4500: gcc -E  conftest.c
conftest.c:11:10: fatal error: ac_nonexistent.h: No such file or directory
   11 | #include <ac_nonexistent.h>
      |          ^~~~~~~~~~~~~~~~~~
compilation terminated.
configure:4500: $? = 1
configure: failed program was:
| /* confdefs.h */
| #define PACKAGE_NAME ""
| #define PACKAGE_TARNAME ""
| #define PACKAGE_VERSION ""
| #define PACKAGE_STRING ""
| #define PACKAGE_BUGREPORT ""
| #define PACKAGE_URL ""
| #define PACKAGE "binutils"
| #define VERSION "2.24"
| /* end confdefs.h.  */
| #include <ac_nonexistent.h>
configure:4525: result: gcc -E
configure:4545: gcc -E  conftest.c
configure:4545: $? = 0
configure:4559: gcc -E  conftest.c
conftest.c:11:10: fatal error: ac_nonexistent.h: No such file or directory
   11 | #include <ac_nonexistent.h>
      |          ^~~~~~~~~~~~~~~~~~
compilation terminated.
configure:4559: $? = 1
configure: failed program was:
| /* confdefs.h */
| #define PACKAGE_NAME ""
| #define PACKAGE_TARNAME ""
| #define PACKAGE_VERSION ""
| #define PACKAGE_STRING ""
| #define PACKAGE_BUGREPORT ""
| #define PACKAGE_URL ""
| #define PACKAGE "binutils"
| #define VERSION "2.24"
| /* end confdefs.h.  */
| #include <ac_nonexistent.h>
configure:4588: checking for grep that handles long lines and -e
configure:4646: result: /usr/bin/grep
configure:4651: checking for egrep
configure:4713: result: /usr/bin/grep -E
configure:4718: checking for ANSI C header files
configure:4738: gcc -c -g -O2  conftest.c >&5
configure:4738: $? = 0
configure:4811: gcc -o conftest -g -O2  -static-libstdc++ -static-libgcc  conftest.c  >&5
configure:4811: $? = 0
configure:4811: ./conftest
configure:4811: $? = 0
configure:4822: result: yes
configure:4835: checking for sys/types.h
configure:4835: gcc -c -g -O2  conftest.c >&5
configure:4835: $? = 0
configure:4835: result: yes
configure:4835: checking for sys/stat.h
configure:4835: gcc -c -g -O2  conftest.c >&5
configure:4835: $? = 0
configure:4835: result: yes
configure:4835: checking for stdlib.h
configure:4835: gcc -c -g -O2  conftest.c >&5
configure:4835: $? = 0
configure:4835: result: yes
configure:4835: checking for string.h
configure:4835: gcc -c -g -O2  conftest.c >&5
configure:4835: $? = 0
configure:4835: result: yes
configure:4835: checking for memory.h
configure:4835: gcc -c -g -O2  conftest.c >&5
configure:4835: $? = 0
configure:4835: result: yes
configure:4835: checking for strings.h
configure:4835: gcc -c -g -O2  conftest.c >&5
configure:4835: $? = 0
configure:4835: result: yes
configure:4835: checking for inttypes.h
configure:4835: gcc -c -g -O2  conftest.c >&5
configure:4835: $? = 0
configure:4835: result: yes
configure:4835: checking for stdint.h
configure:4835: gcc -c -g -O2  conftest.c >&5
configure:4835: $? = 0
configure:4835: result: yes
configure:4835: checking for unistd.h
configure:4835: gcc -c -g -O2  conftest.c >&5
configure:4835: $? = 0
configure:4835: result: yes
configure:4849: checking minix/config.h usability
configure:4849: gcc -c -g -O2  conftest.c >&5
conftest.c:54:10: fatal error: minix/config.h: No such file or directory
   54 | #include <minix/config.h>
      |          ^~~~~~~~~~~~~~~~
compilation terminated.
configure:4849: $? = 1
configure: failed program was:
| /* confdefs.h */
| #define PACKAGE_NAME ""
| #define PACKAGE_TARNAME ""
| #define PACKAGE_VERSION ""
| #define PACKAGE_STRING ""
| #define PACKAGE_BUGREPORT ""
| #define PACKAGE_URL ""
| #define PACKAGE "binutils"
| #define VERSION "2.24"
| #define STDC_HEADERS 1
| #define HAVE_SYS_TYPES_H 1
| #define HAVE_SYS_STAT_H 1
| #define HAVE_STDLIB_H 1
| #define HAVE_STRING_H 1
| #define HAVE_MEMORY_H 1
| #define HAVE_STRINGS_H 1
| #define HAVE_INTTYPES_H 1
| #define HAVE_STDINT_H 1
| #define HAVE_UNISTD_H 1
| /* end confdefs.h.  */
| #include <stdio.h>
| #ifdef HAVE_SYS_TYPES_H
| # include <sys/types.h>
| #endif
| #ifdef HAVE_SYS_STAT_H
| # include <sys/stat.h>
| #endif
| #ifdef STDC_HEADERS
| # include <stdlib.h>
| # include <stddef.h>
| #else
| # ifdef HAVE_STDLIB_H
| #  include <stdlib.h>
| # endif
| #endif
| #ifdef HAVE_STRING_H
| # if !defined STDC_HEADERS && defined HAVE_MEMORY_H
| #  include <memory.h>
| # endif
| # include <string.h>
| #endif
| #ifdef HAVE_STRINGS_H
| # include <strings.h>
| #endif
| #ifdef HAVE_INTTYPES_H
| # include <inttypes.h>
| #endif
| #ifdef HAVE_STDINT_H
| # include <stdint.h>
| #endif
| #ifdef HAVE_UNISTD_H
| # include <unistd.h>
| #endif
| #include <minix/config.h>
configure:4849: result: no
configure:4849: checking minix/config.h presence
configure:4849: gcc -E  conftest.c
conftest.c:21:10: fatal error: minix/config.h: No such file or directory
   21 | #include <minix/config.h>
      |          ^~~~~~~~~~~~~~~~
compilation terminated.
configure:4849: $? = 1
configure: failed program was:
| /* confdefs.h */
| #define PACKAGE_NAME ""
| #define PACKAGE_TARNAME ""
| #define PACKAGE_VERSION ""
| #define PACKAGE_STRING ""
| #define PACKAGE_BUGREPORT ""
| #define PACKAGE_URL ""
| #define PACKAGE "binutils"
| #define VERSION "2.24"
| #define STDC_HEADERS 1
| #define HAVE_SYS_TYPES_H 1
| #define HAVE_SYS_STAT_H 1
| #define HAVE_STDLIB_H 1
| #define HAVE_STRING_H 1
| #define HAVE_MEMORY_H 1
| #define HAVE_STRINGS_H 1
| #define HAVE_INTTYPES_H 1
| #define HAVE_STDINT_H 1
| #define HAVE_UNISTD_H 1
| /* end confdefs.h.  */
| #include <minix/config.h>
configure:4849: result: no
configure:4849: checking for minix/config.h
configure:4849: result: no
configure:4870: checking whether it is safe to define __EXTENSIONS__
configure:4888: gcc -c -g -O2  conftest.c >&5
configure:4888: $? = 0
configure:4895: result: yes
configure:4955: checking for special C compiler options needed for large files
configure:5000: result: no
configure:5006: checking for _FILE_OFFSET_BITS value needed for large files
configure:5031: gcc -c -g -O2  conftest.c >&5
configure:5031: $? = 0
configure:5063: result: no
configure:5193: checking how to print strings
configure:5220: result: printf
configure:5241: checking for a sed that does not truncate output
configure:5305: result: /usr/bin/sed
configure:5323: checking for fgrep
configure:5385: result: /usr/bin/grep -F
configure:5420: checking for ld used by gcc
configure:5487: result: ld
configure:5494: checking if the linker (ld) is GNU ld
configure:5509: result: yes
configure:5521: checking for BSD- or MS-compatible name lister (nm)
configure:5570: result: nm
configure:5700: checking the name lister (nm) interface
configure:5707: gcc -c -g -O2  conftest.c >&5
configure:5710: nm "conftest.o"
configure:5713: output
0000000000000000 B some_variable
configure:5720: result: BSD nm
configure:5723: checking whether ln -s works
configure:5727: result: yes
configure:5735: checking the maximum length of command line arguments
configure:5860: result: 1572864
configure:5877: checking whether the shell understands some XSI constructs
configure:5887: result: yes
configure:5891: checking whether the shell understands "+="
configure:5897: result: yes
configure:5932: checking for ld option to reload object files
configure:5939: result: -r
configure:5968: checking for aarch64-unknown-linux-gnu-objdump
configure:5995: result: objdump
configure:6067: checking how to recognize dependent libraries
configure:6268: result: pass_all
configure:6288: checking for aarch64-unknown-linux-gnu-ar
configure:6315: result: ar
configure:6393: checking for aarch64-unknown-linux-gnu-strip
configure:6423: result: no
configure:6433: checking for strip
configure:6449: found /usr/bin/strip
configure:6460: result: strip
configure:6492: checking for aarch64-unknown-linux-gnu-ranlib
configure:6519: result: ranlib
configure:6661: checking command to parse nm output from gcc object
configure:6779: gcc -c -g -O2  conftest.c >&5
configure:6782: $? = 0
configure:6786: nm conftest.o \| sed -n -e 's/^.*[ ]\([ABCDGIRSTW][ABCDGIRSTW]*\)[ ][ ]*\([_A-Za-z][_A-Za-z0-9]*\)$/\1 \2 \2/p' \> conftest.nm
configure:6789: $? = 0
configure:6843: gcc -o conftest -g -O2  -static-libstdc++ -static-libgcc  conftest.c conftstm.o >&5
configure:6846: $? = 0
configure:6884: result: ok
configure:7732: checking for dlfcn.h
configure:7732: gcc -c -g -O2  conftest.c >&5
configure:7732: $? = 0
configure:7732: result: yes
configure:7919: checking for objdir
configure:7934: result: .libs
configure:8205: checking if gcc supports -fno-rtti -fno-exceptions
configure:8223: gcc -c -g -O2  -fno-rtti -fno-exceptions conftest.c >&5
cc1: warning: command-line option '-fno-rtti' is valid for C++/D/ObjC++ but not for C
configure:8227: $? = 0
configure:8240: result: no
configure:8260: checking for gcc option to produce PIC
configure:8546: result: -fPIC -DPIC
configure:8558: checking if gcc PIC flag -fPIC -DPIC works
configure:8576: gcc -c -g -O2  -fPIC -DPIC -DPIC conftest.c >&5
configure:8580: $? = 0
configure:8593: result: yes
configure:8617: checking if gcc static flag -static works
configure:8645: result: yes
configure:8660: checking if gcc supports -c -o file.o
configure:8681: gcc -c -g -O2  -o out/conftest2.o conftest.c >&5
configure:8685: $? = 0
configure:8707: result: yes
configure:8715: checking if gcc supports -c -o file.o
configure:8762: result: yes
configure:8795: checking whether the gcc linker (ld) supports shared libraries
configure:9866: result: yes
configure:9903: checking whether -lc should be explicitly linked in
configure:9911: gcc -c -g -O2  conftest.c >&5
configure:9914: $? = 0
configure:9929: gcc -shared conftest.o  -v -Wl,-soname -Wl,conftest -o conftest 2\>\&1 \| /usr/bin/grep  -lc  \>/dev/null 2\>\&1
configure:9932: $? = 0
configure:9946: result: no
configure:10111: checking dynamic linker characteristics
configure:10562: gcc -o conftest -g -O2  -static-libstdc++ -static-libgcc  -Wl,-rpath -Wl,/foo conftest.c  >&5
configure:10562: $? = 0
configure:10784: result: GNU/Linux ld.so
configure:10891: checking how to hardcode library paths into programs
configure:10916: result: immediate
configure:11456: checking whether stripping libraries is possible
configure:11461: result: yes
configure:11496: checking if libtool supports shared libraries
configure:11498: result: yes
configure:11501: checking whether to build shared libraries
configure:11522: result: yes
configure:11525: checking whether to build static libraries
configure:11529: result: yes
configure:11684: checking for bison
configure:11711: result: /home/parallels/os161/toolbuild/binutils-2.24+os161-2.1/missing bison -y
configure:11727: checking for flex
configure:11754: result: /home/parallels/os161/toolbuild/binutils-2.24+os161-2.1/missing flex
configure:11791: /home/parallels/os161/toolbuild/binutils-2.24+os161-2.1/missing flex conftest.l
WARNING: `flex' is missing on your system.  You should only need it if
         you modified a `.l' file.  You may need the `Flex' package
         in order for those modifications to take effect.  You can get
         `Flex' from any GNU archive site.
configure:11795: $? = 0
configure:11797: checking lex output file root
configure:11811: result: lex.yy
configure:11816: checking lex library
configure:11830: gcc -o conftest -g -O2  -static-libstdc++ -static-libgcc  conftest.c   >&5
conftest.c:29:1: warning: return type defaults to 'int' [-Wimplicit-int]
   29 | main() { return 0; }
      | ^~~~
configure:11830: $? = 0
configure:11840: result: 
configure:11846: checking whether yytext is a pointer
configure:11862: gcc -o conftest -g -O2  -static-libstdc++ -static-libgcc  conftest.c   >&5
conftest.c:30:1: warning: return type defaults to 'int' [-Wimplicit-int]
   30 | main() { return 0; }
      | ^~~~
configure:11862: $? = 0
configure:11870: result: yes
configure:11898: checking whether NLS is requested
configure:11904: result: yes
configure:11910: checking for catalogs to be installed
configure:11942: result:  bg da es fi fr hr id it ja ro ru rw sk sv tr uk vi zh_CN zh_TW bg da es fi fr hr id it ja ro ru rw sk sv tr uk vi zh_CN zh_TW
configure:11969: checking whether NLS is requested
configure:11978: result: yes
configure:12016: checking for msgfmt
configure:12050: result: no
configure:12056: checking for gmsgfmt
configure:12087: result: :
configure:12127: checking for xgettext
configure:12161: result: no
configure:12198: checking for msgmerge
configure:12231: result: no
configure:12265: checking whether to enable maintainer-specific portions of Makefiles
configure:12274: result: no
configure:12319: checking for aarch64-unknown-linux-gnu-ranlib
configure:12346: result: ranlib
configure:12458: checking for string.h
configure:12458: result: yes
configure:12458: checking for strings.h
configure:12458: result: yes
configure:12458: checking for stdlib.h
configure:12458: result: yes
configure:12458: checking for unistd.h
configure:12458: result: yes
configure:12458: checking fcntl.h usability
configure:12458: gcc -c -g -O2  conftest.c >&5
configure:12458: $? = 0
configure:12458: result: yes
configure:12458: checking fcntl.h presence
configure:12458: gcc -E  conftest.c
configure:12458: $? = 0
configure:12458: result: yes
configure:12458: checking for fcntl.h
configure:12458: result: yes
configure:12458: checking sys/file.h usability
configure:12458: gcc -c -g -O2  conftest.c >&5
configure:12458: $? = 0
configure:12458: result: yes
configure:12458: checking sys/file.h presence
configure:12458: gcc -E  conftest.c
configure:12458: $? = 0
configure:12458: result: yes
configure:12458: checking for sys/file.h
configure:12458: result: yes
configure:12458: checking limits.h usability
configure:12458: gcc -c -g -O2  conftest.c >&5
configure:12458: $? = 0
configure:12458: result: yes
configure:12458: checking limits.h presence
configure:12458: gcc -E  conftest.c
configure:12458: $? = 0
configure:12458: result: yes
configure:12458: checking for limits.h
configure:12458: result: yes
configure:12458: checking locale.h usability
configure:12458: gcc -c -g -O2  conftest.c >&5
configure:12458: $? = 0
configure:12458: result: yes
configure:12458: checking locale.h presence
configure:12458: gcc -E  conftest.c
configure:12458: $? = 0
configure:12458: result: yes
configure:12458: checking for locale.h
configure:12458: result: yes
configure:12458: checking sys/param.h usability
configure:12458: gcc -c -g -O2  conftest.c >&5
configure:12458: $? = 0
configure:12458: result: yes
configure:12458: checking sys/param.h presence
configure:12458: gcc -E  conftest.c
configure:12458: $? = 0
configure:12458: result: yes
configure:12458: checking for sys/param.h
configure:12458: result: yes
configure:12458: checking wchar.h usability
configure:12458: gcc -c -g -O2  conftest.c >&5
configure:12458: $? = 0
configure:12458: result: yes
configure:12458: checking wchar.h presence
configure:12458: gcc -E  conftest.c
configure:12458: $? = 0
configure:12458: result: yes
configure:12458: checking for wchar.h
configure:12458: result: yes
configure:12469: checking for sys/wait.h that is POSIX.1 compatible
configure:12495: gcc -c -g -O2  conftest.c >&5
configure:12495: $? = 0
configure:12502: result: yes
configure:12510: checking whether string.h and strings.h may both be included
configure:12527: gcc -c -g -O2  conftest.c >&5
configure:12527: $? = 0
configure:12534: result: yes
configure:12544: checking for working alloca.h
configure:12561: gcc -o conftest -g -O2  -static-libstdc++ -static-libgcc  conftest.c  >&5
configure:12561: $? = 0
configure:12569: result: yes
configure:12577: checking for alloca
configure:12614: gcc -o conftest -g -O2  -static-libstdc++ -static-libgcc  conftest.c  >&5
configure:12614: $? = 0
configure:12622: result: yes
configure:12735: checking for sbrk
configure:12735: gcc -o conftest -g -O2  -static-libstdc++ -static-libgcc  conftest.c  >&5
configure:12735: $? = 0
configure:12735: result: yes
configure:12735: checking for utimes
configure:12735: gcc -o conftest -g -O2  -static-libstdc++ -static-libgcc  conftest.c  >&5
configure:12735: $? = 0
configure:12735: result: yes
configure:12735: checking for setmode
configure:12735: gcc -o conftest -g -O2  -static-libstdc++ -static-libgcc  conftest.c  >&5
/usr/bin/ld: /tmp/ccT0Ex4f.o: in function `main':
/home/parallels/os161/toolbuild/binutils-2.24+os161-2.1/binutils/conftest.c:82:(.text.startup+0x8): undefined reference to `setmode'
collect2: error: ld returned 1 exit status
configure:12735: $? = 1
configure: failed program was:
| /* confdefs.h */
| #define PACKAGE_NAME ""
| #define PACKAGE_TARNAME ""
| #define PACKAGE_VERSION ""
| #define PACKAGE_STRING ""
| #define PACKAGE_BUGREPORT ""
| #define PACKAGE_URL ""
| #define PACKAGE "binutils"
| #define VERSION "2.24"
| #define STDC_HEADERS 1
| #define HAVE_SYS_TYPES_H 1
| #define HAVE_SYS_STAT_H 1
| #define HAVE_STDLIB_H 1
| #define HAVE_STRING_H 1
| #define HAVE_MEMORY_H 1
| #define HAVE_STRINGS_H 1
| #define HAVE_INTTYPES_H 1
| #define HAVE_STDINT_H 1
| #define HAVE_UNISTD_H 1
| #define __EXTENSIONS__ 1
| #define _ALL_SOURCE 1
| #define _GNU_SOURCE 1
| #define _POSIX_PTHREAD_SEMANTICS 1
| #define _TANDEM_SOURCE 1
| #define HAVE_DLFCN_H 1
| #define LT_OBJDIR ".libs/"
| #define DEFAULT_AR_DETERMINISTIC 0
| #define YYTEXT_POINTER 1
| #define ENABLE_NLS 1
| #define EXECUTABLE_SUFFIX ""
| #define HAVE_STRING_H 1
| #define HAVE_STRINGS_H 1
| #define HAVE_STDLIB_H 1
| #define HAVE_UNISTD_H 1
| #define HAVE_FCNTL_H 1
| #define HAVE_SYS_FILE_H 1
| #define HAVE_LIMITS_H 1
| #define HAVE_LOCALE_H 1
| #define HAVE_SYS_PARAM_H 1
| #define HAVE_WCHAR_H 1
| #define HAVE_SYS_WAIT_H 1
| #define STRING_WITH_STRINGS 1
| #define HAVE_ALLOCA_H 1
| #define HAVE_ALLOCA 1
| #define HAVE_SBRK 1
| #define HAVE_UTIMES 1
| /* end confdefs.h.  */
| /* Define setmode to an innocuous variant, in case <limits.h> declares setmode.
|    For example, HP-UX 11i <limits.h> declares gettimeofday.  */
| #define setmode innocuous_setmode
| 
| /* System header to define __stub macros and hopefully few prototypes,
|     which can conflict with char setmode (); below.
|     Prefer <limits.h> to <assert.h> if __STDC__ is defined, since
|     <limits.h> exists even on freestanding compilers.  */
| 
| #ifdef __STDC__
| # include <limits.h>
| #else
| # include <assert.h>
| #endif
| 
| #undef setmode
| 
| /* Override any GCC internal prototype to avoid an error.
|    Use char because int might match the return type of a GCC
|    builtin and then its argument prototype would still apply.  */
| #ifdef __cplusplus
| extern "C"
| #endif
| char setmode ();
| /* The GNU C library defines this for functions which it implements
|     to always fail with ENOSYS.  Some functions are actually named
|     something starting with __ and the normal name is an alias.  */
| #if defined __stub_setmode || defined __stub___setmode
| choke me
| #endif
| 
| int
| main ()
| {
| return setmode ();
|   ;
|   return 0;
| }
configure:12735: result: no
configure:12735: checking for getc_unlocked
configure:12735: gcc -o conftest -g -O2  -static-libstdc++ -static-libgcc  conftest.c  >&5
configure:12735: $? = 0
configure:12735: result: yes
configure:12735: checking for strcoll
configure:12735: gcc -o conftest -g -O2  -static-libstdc++ -static-libgcc  conftest.c  >&5
configure:12735: $? = 0
configure:12735: result: yes
configure:12735: checking for setlocale
configure:12735: gcc -o conftest -g -O2  -static-libstdc++ -static-libgcc  conftest.c  >&5
configure:12735: $? = 0
configure:12735: result: yes
configure:12745: checking for mkstemp
configure:12745: gcc -o conftest -g -O2  -static-libstdc++ -static-libgcc  conftest.c  >&5
configure:12745: $? = 0
configure:12745: result: yes
configure:12752: checking for mkdtemp
configure:12752: gcc -o conftest -g -O2  -static-libstdc++ -static-libgcc  conftest.c  >&5
configure:12752: $? = 0
configure:12752: result: yes
configure:12759: checking for mbstate_t
configure:12772: gcc -c -g -O2  conftest.c >&5
configure:12772: $? = 0
configure:12778: result: yes
configure:12787: checking for library containing frexp
configure:12818: gcc -o conftest -g -O2  -static-libstdc++ -static-libgcc  conftest.c  >&5
conftest.c:61:6: warning: conflicting types for built-in function 'frexp'; expected 'double(double,  int *)' [-Wbuiltin-declaration-mismatch]
   61 | char frexp ();
      |      ^~~~~
conftest.c:1:1: note: 'frexp' is declared in header '<math.h>'
    1 | /* confdefs.h */
configure:12818: $? = 0
configure:12835: result: none required
configure:12845: checking for LC_MESSAGES
configure:12861: gcc -o conftest -g -O2  -static-libstdc++ -static-libgcc  conftest.c  >&5
configure:12861: $? = 0
configure:12869: result: yes
configure:12878: checking for time_t in time.h
configure:12894: gcc -c -g -O2  conftest.c >&5
configure:12894: $? = 0
configure:12902: result: yes
configure:12910: checking for time_t in sys/types.h
configure:12926: gcc -c -g -O2  conftest.c >&5
configure:12926: $? = 0
configure:12934: result: yes
configure:12942: checking for a known getopt prototype in unistd.h
configure:12958: gcc -c -g -O2  conftest.c >&5
configure:12958: $? = 0
configure:12966: result: yes
configure:12976: checking for utime.h
configure:12996: gcc -c -g -O2  conftest.c >&5
configure:12996: $? = 0
configure:13004: result: yes
configure:13012: checking whether environ is declared
configure:13012: gcc -c -g -O2  conftest.c >&5
configure:13012: $? = 0
configure:13012: result: yes
configure:13022: checking whether fprintf is declared
configure:13022: gcc -c -g -O2  conftest.c >&5
configure:13022: $? = 0
configure:13022: result: yes
configure:13032: checking whether getc_unlocked is declared
configure:13032: gcc -c -g -O2  conftest.c >&5
configure:13032: $? = 0
configure:13032: result: yes
configure:13042: checking whether getenv is declared
configure:13042: gcc -c -g -O2  conftest.c >&5
configure:13042: $? = 0
configure:13042: result: yes
configure:13052: checking whether sbrk is declared
configure:13052: gcc -c -g -O2  conftest.c >&5
configure:13052: $? = 0
configure:13052: result: yes
configure:13062: checking whether snprintf is declared
configure:13062: gcc -c -g -O2  conftest.c >&5
configure:13062: $? = 0
configure:13062: result: yes
configure:13072: checking whether stpcpy is declared
configure:13072: gcc -c -g -O2  conftest.c >&5
configure:13072: $? = 0
configure:13072: result: yes
configure:13082: checking whether strnlen is declared
configure:13082: gcc -c -g -O2  conftest.c >&5
configure:13082: $? = 0
configure:13082: result: yes
configure:13092: checking whether strstr is declared
configure:13092: gcc -c -g -O2  conftest.c >&5
configure:13092: $? = 0
configure:13092: result: yes
configure:13102: checking whether vsnprintf is declared
configure:13102: gcc -c -g -O2  conftest.c >&5
configure:13102: $? = 0
configure:13102: result: yes
configure:13129: checking for library containing zlibVersion
configure:13160: gcc -o conftest -g -O2  -static-libstdc++ -static-libgcc  conftest.c  >&5
/usr/bin/ld: /tmp/ccEWNsEa.o: in function `main':
/home/parallels/os161/toolbuild/binutils-2.24+os161-2.1/binutils/conftest.c:80:(.text.startup+0x8): undefined reference to `zlibVersion'
collect2: error: ld returned 1 exit status
configure:13160: $? = 1
configure: failed program was:
| /* confdefs.h */
| #define PACKAGE_NAME ""
| #define PACKAGE_TARNAME ""
| #define PACKAGE_VERSION ""
| #define PACKAGE_STRING ""
| #define PACKAGE_BUGREPORT ""
| #define PACKAGE_URL ""
| #define PACKAGE "binutils"
| #define VERSION "2.24"
| #define STDC_HEADERS 1
| #define HAVE_SYS_TYPES_H 1
| #define HAVE_SYS_STAT_H 1
| #define HAVE_STDLIB_H 1
| #define HAVE_STRING_H 1
| #define HAVE_MEMORY_H 1
| #define HAVE_STRINGS_H 1
| #define HAVE_INTTYPES_H 1
| #define HAVE_STDINT_H 1
| #define HAVE_UNISTD_H 1
| #define __EXTENSIONS__ 1
| #define _ALL_SOURCE 1
| #define _GNU_SOURCE 1
| #define _POSIX_PTHREAD_SEMANTICS 1
| #define _TANDEM_SOURCE 1
| #define HAVE_DLFCN_H 1
| #define LT_OBJDIR ".libs/"
| #define DEFAULT_AR_DETERMINISTIC 0
| #define YYTEXT_POINTER 1
| #define ENABLE_NLS 1
| #define EXECUTABLE_SUFFIX ""
| #define HAVE_STRING_H 1
| #define HAVE_STRINGS_H 1
| #define HAVE_STDLIB_H 1
| #define HAVE_UNISTD_H 1
| #define HAVE_FCNTL_H 1
| #define HAVE_SYS_FILE_H 1
| #define HAVE_LIMITS_H 1
| #define HAVE_LOCALE_H 1
| #define HAVE_SYS_PARAM_H 1
| #define HAVE_WCHAR_H 1
| #define HAVE_SYS_WAIT_H 1
| #define STRING_WITH_STRINGS 1
| #define HAVE_ALLOCA_H 1
| #define HAVE_ALLOCA 1
| #define HAVE_SBRK 1
| #define HAVE_UTIMES 1
| #define HAVE_GETC_UNLOCKED 1
| #define HAVE_STRCOLL 1
| #define HAVE_SETLOCALE 1
| #define HAVE_MKSTEMP 1
| #define HAVE_MKDTEMP 1
| #define HAVE_MBSTATE_T 1
| #define HAVE_LC_MESSAGES 1
| #define HAVE_TIME_T_IN_TIME_H 1
| #define HAVE_TIME_T_IN_TYPES_H 1
| #define HAVE_DECL_GETOPT 1
| #define HAVE_GOOD_UTIME_H 1
| #define HAVE_DECL_ENVIRON 1
| #define HAVE_DECL_FPRINTF 1
| #define HAVE_DECL_GETC_UNLOCKED 1
| #define HAVE_DECL_GETENV 1
| #define HAVE_DECL_SBRK 1
| #define HAVE_DECL_SNPRINTF 1
| #define HAVE_DECL_STPCPY 1
| #define HAVE_DECL_STRNLEN 1
| #define HAVE_DECL_STRSTR 1
| #define HAVE_DECL_VSNPRINTF 1
| /* end confdefs.h.  */
| 
| /* Override any GCC internal prototype to avoid an error.
|    Use char because int might match the return type of a GCC
|    builtin and then its argument prototype would still apply.  */
| #ifdef __cplusplus
| extern "C"
| #endif
| char zlibVersion ();
| int
| main ()
| {
| return zlibVersion ();
|   ;
|   return 0;
| }
configure:13160: gcc -o conftest -g -O2  -static-libstdc++ -static-libgcc  conftest.c -lz   >&5
configure:13160: $? = 0
configure:13177: result: -lz
configure:13184: checking zlib.h usability
configure:13184: gcc -c -g -O2  conftest.c >&5
configure:13184: $? = 0
configure:13184: result: yes
configure:13184: checking zlib.h presence
configure:13184: gcc -E  conftest.c
configure:13184: $? = 0
configure:13184: result: yes
configure:13184: checking for zlib.h
configure:13184: result: yes
configure:13226: checking iconv.h usability
configure:13226: gcc -c -g -O2  conftest.c >&5
configure:13226: $? = 0
configure:13226: result: yes
configure:13226: checking iconv.h presence
configure:13226: gcc -E  conftest.c
configure:13226: $? = 0
configure:13226: result: yes
configure:13226: checking for iconv.h
configure:13226: result: yes
configure:13272: checking for ld used by GCC
configure:13335: result: ld
configure:13342: checking if the linker (ld) is GNU ld
GNU ld (GNU Binutils for Ubuntu) 2.42
configure:13354: result: yes
configure:13360: checking for shared library run path origin
configure:13373: result: done
configure:13803: checking for iconv
configure:13825: gcc -o conftest -g -O2  -static-libstdc++ -static-libgcc  conftest.c -lz  >&5
configure:13825: $? = 0
configure:13857: result: yes
configure:13878: checking for iconv declaration
configure:13907: gcc -c -g -O2  conftest.c >&5
configure:13907: $? = 0
configure:13918: result: install-shextern size_t iconv (iconv_t cd, char * *inbuf, size_t *inbytesleft, char * *outbuf, size_t *outbytesleft);
configure:14266: updating cache ./config.cache
configure:14327: creating ./config.status

## ---------------------- ##
## Running config.status. ##
## ---------------------- ##

This file was extended by config.status, which was
generated by GNU Autoconf 2.64.  Invocation command line was

  CONFIG_FILES    = 
  CONFIG_HEADERS  = 
  CONFIG_LINKS    = 
  CONFIG_COMMANDS = 
  $ ./config.status 

on ubuntu-linux-2404

config.status:1175: creating Makefile
config.status:1175: creating doc/Makefile
config.status:1175: creating po/Makefile.in
config.status:1175: creating config.h
config.status:1395: executing depfiles commands
config.status:1395: executing libtool commands
config.status:1395: executing default-1 commands

## ---------------- ##
## Cache variables. ##
## ---------------- ##

ac_cv_build=aarch64-unknown-linux-gnu
ac_cv_c_compiler_gnu=yes
ac_cv_env_CC_set=set
ac_cv_env_CC_value=gcc
ac_cv_env_CFLAGS_set=set
ac_cv_env_CFLAGS_value='-g -O2'
ac_cv_env_CPPFLAGS_set=
ac_cv_env_CPPFLAGS_value=
ac_cv_env_CPP_set=
ac_cv_env_CPP_value=
ac_cv_env_LDFLAGS_set=set
ac_cv_env_LDFLAGS_value='-static-libstdc++ -static-libgcc '
ac_cv_env_LIBS_set=
ac_cv_env_LIBS_value=
ac_cv_env_YACC_set=set
ac_cv_env_YACC_value='/home/parallels/os161/toolbuild/binutils-2.24+os161-2.1/missing bison -y'
ac_cv_env_YFLAGS_set=
ac_cv_env_YFLAGS_value=
ac_cv_env_build_alias_set=set
ac_cv_env_build_alias_value=aarch64-unknown-linux-gnu
ac_cv_env_host_alias_set=set
ac_cv_env_host_alias_value=aarch64-unknown-linux-gnu
ac_cv_env_target_alias_set=set
ac_cv_env_target_alias_value=mips-harvard-os161
ac_cv_func_alloca_works=yes
ac_cv_func_getc_unlocked=yes
ac_cv_func_mkdtemp=yes
ac_cv_func_mkstemp=yes
ac_cv_func_sbrk=yes
ac_cv_func_setlocale=yes
ac_cv_func_setmode=no
ac_cv_func_strcoll=yes
ac_cv_func_utimes=yes
ac_cv_have_decl_environ=yes
ac_cv_have_decl_fprintf=yes
ac_cv_have_decl_getc_unlocked=yes
ac_cv_have_decl_getenv=yes
ac_cv_have_decl_sbrk=yes
ac_cv_have_decl_snprintf=yes
ac_cv_have_decl_stpcpy=yes
ac_cv_have_decl_strnlen=yes
ac_cv_have_decl_strstr=yes
ac_cv_have_decl_vsnprintf=yes
ac_cv_header_dlfcn_h=yes
ac_cv_header_fcntl_h=yes
ac_cv_header_iconv_h=yes
ac_cv_header_inttypes_h=yes
ac_cv_header_limits_h=yes
ac_cv_header_locale_h=yes
ac_cv_header_memory_h=yes
ac_cv_header_minix_config_h=no
ac_cv_header_stdc=yes
ac_cv_header_stdint_h=yes
ac_cv_header_stdlib_h=yes
ac_cv_header_string_h=yes
ac_cv_header_strings_h=yes
ac_cv_header_sys_file_h=yes
ac_cv_header_sys_param_h=yes
ac_cv_header_sys_stat_h=yes
ac_cv_header_sys_types_h=yes
ac_cv_header_sys_wait_h=yes
ac_cv_header_unistd_h=yes
ac_cv_header_wchar_h=yes
ac_cv_header_zlib_h=yes
ac_cv_host=aarch64-unknown-linux-gnu
ac_cv_lib_lex=
ac_cv_objext=o
ac_cv_path_EGREP='/usr/bin/grep -E'
ac_cv_path_FGREP='/usr/bin/grep -F'
ac_cv_path_GMSGFMT=:
ac_cv_path_GREP=/usr/bin/grep
ac_cv_path_MSGFMT=:
ac_cv_path_MSGMERGE=:
ac_cv_path_SED=/usr/bin/sed
ac_cv_path_XGETTEXT=:
ac_cv_path_mkdir=/usr/bin/mkdir
ac_cv_prog_AR=ar
ac_cv_prog_AWK=gawk
ac_cv_prog_CC=gcc
ac_cv_prog_CPP='gcc -E'
ac_cv_prog_LEX='/home/parallels/os161/toolbuild/binutils-2.24+os161-2.1/missing flex'
ac_cv_prog_OBJDUMP=objdump
ac_cv_prog_RANLIB=ranlib
ac_cv_prog_YACC='/home/parallels/os161/toolbuild/binutils-2.24+os161-2.1/missing bison -y'
ac_cv_prog_ac_ct_STRIP=strip
ac_cv_prog_cc_c89=
ac_cv_prog_cc_g=yes
ac_cv_prog_lex_root=lex.yy
ac_cv_prog_lex_yytext_pointer=yes
ac_cv_prog_make_make_set=yes
ac_cv_safe_to_define___extensions__=yes
ac_cv_search_frexp='none required'
ac_cv_search_strerror='none required'
ac_cv_search_zlibVersion=-lz
ac_cv_sys_file_offset_bits=no
ac_cv_sys_largefile_CC=no
ac_cv_target=mips-harvard-os161
ac_cv_working_alloca_h=yes
acl_cv_hardcode_direct=no
acl_cv_hardcode_libdir_flag_spec='${wl}-rpath ${wl}$libdir'
acl_cv_hardcode_libdir_separator=
acl_cv_hardcode_minus_L=no
acl_cv_libext=a
acl_cv_path_LD=ld
acl_cv_prog_gnu_ld=yes
acl_cv_rpath=done
acl_cv_shlibext=so
acl_cv_wl=-Wl,
am_cv_CC_dependencies_compiler_type=gcc3
am_cv_func_iconv=yes
am_cv_lib_iconv=no
am_cv_proto_iconv='extern size_t iconv (iconv_t cd, char * *inbuf, size_t *inbytesleft, char * *outbuf, size_t *outbytesleft);'
am_cv_proto_iconv_arg1=
am_cv_val_LC_MESSAGES=yes
bu_cv_decl_getopt_unistd_h=yes
bu_cv_decl_time_t_time_h=yes
bu_cv_decl_time_t_types_h=yes
bu_cv_header_utime_h=yes
gcc_cv_header_string=yes
lt_cv_archive_cmds_need_lc=no
lt_cv_deplibs_check_method=pass_all
lt_cv_file_magic_cmd='$MAGIC_CMD'
lt_cv_file_magic_test_file=
lt_cv_ld_reload_flag=-r
lt_cv_nm_interface='BSD nm'
lt_cv_objdir=.libs
lt_cv_path_LD=ld
lt_cv_path_NM=nm
lt_cv_prog_compiler_c_o=yes
lt_cv_prog_compiler_pic_works=yes
lt_cv_prog_compiler_rtti_exceptions=no
lt_cv_prog_compiler_static_works=yes
lt_cv_prog_gnu_ld=yes
lt_cv_shlibpath_overrides_runpath=yes
lt_cv_sys_global_symbol_pipe='sed -n -e '\''s/^.*[	 ]\([ABCDGIRSTW][ABCDGIRSTW]*\)[	 ][	 ]*\([_A-Za-z][_A-Za-z0-9]*\)$/\1 \2 \2/p'\'''
lt_cv_sys_global_symbol_to_c_name_address='sed -n -e '\''s/^: \([^ ]*\) $/  {\"\1\", (void *) 0},/p'\'' -e '\''s/^[ABCDGIRSTW]* \([^ ]*\) \([^ ]*\)$/  {"\2", (void *) \&\2},/p'\'''
lt_cv_sys_global_symbol_to_c_name_address_lib_prefix='sed -n -e '\''s/^: \([^ ]*\) $/  {\"\1\", (void *) 0},/p'\'' -e '\''s/^[ABCDGIRSTW]* \([^ ]*\) \(lib[^ ]*\)$/  {"\2", (void *) \&\2},/p'\'' -e '\''s/^[ABCDGIRSTW]* \([^ ]*\) \([^ ]*\)$/  {"lib\2", (void *) \&\2},/p'\'''
lt_cv_sys_global_symbol_to_cdecl='sed -n -e '\''s/^T .* \(.*\)$/extern int \1();/p'\'' -e '\''s/^[ABCDGIRSTW]* .* \(.*\)$/extern char \1;/p'\'''
lt_cv_sys_max_cmd_len=1572864

## ----------------- ##
## Output variables. ##
## ----------------- ##

ACLOCAL='${SHELL} /home/parallels/os161/toolbuild/binutils-2.24+os161-2.1/missing --run aclocal-1.11'
ALLOCA=''
AMDEPBACKSLASH='\'
AMDEP_FALSE='#'
AMDEP_TRUE=''
AMTAR='${SHELL} /home/parallels/os161/toolbuild/binutils-2.24+os161-2.1/missing --run tar'
AR='ar'
AUTOCONF='${SHELL} /home/parallels/os161/toolbuild/binutils-2.24+os161-2.1/missing --run autoconf'
AUTOHEADER='${SHELL} /home/parallels/os161/toolbuild/binutils-2.24+os161-2.1/missing --run autoheader'
AUTOMAKE='${SHELL} /home/parallels/os161/toolbuild/binutils-2.24+os161-2.1/missing --run automake-1.11'
AWK='gawk'
BUILD_DLLTOOL=''
BUILD_DLLWRAP=''
BUILD_INSTALL_MISC=''
BUILD_MISC=''
BUILD_NLMCONV=''
BUILD_SRCONV=''
BUILD_WINDMC=''
BUILD_WINDRES=''
CATALOGS=' bg.gmo da.gmo es.gmo fi.gmo fr.gmo hr.gmo id.gmo it.gmo ja.gmo ro.gmo ru.gmo rw.gmo sk.gmo sv.gmo tr.gmo uk.gmo vi.gmo zh_CN.gmo zh_TW.gmo bg.gmo da.gmo es.gmo fi.gmo fr.gmo hr.gmo id.gmo it.gmo ja.gmo ro.gmo ru.gmo rw.gmo sk.gmo sv.gmo tr.gmo uk.gmo vi.gmo zh_CN.gmo zh_TW.gmo'
CATOBJEXT='.gmo'
CC='gcc'
CCDEPMODE='depmode=gcc3'
CC_FOR_BUILD='gcc'
CFLAGS='-g -O2'
CPP='gcc -E'
CPPFLAGS=''
CYGPATH_W='echo'
DATADIRNAME='share'
DEFS='-DHAVE_CONFIG_H'
DEMANGLER_NAME='c++filt'
DEPDIR='.deps'
DLLTOOL_DEFS=' '
DSYMUTIL=''
DUMPBIN=''
ECHO_C=''
ECHO_N='-n'
ECHO_T=''
EGREP='/usr/bin/grep -E'
EMULATION='vanilla'
EMULATION_VECTOR='bin_vanilla_emulation'
EXEEXT=''
EXEEXT_FOR_BUILD='$(EXEEXT)'
FGREP='/usr/bin/grep -F'
GENCAT='gencat'
GENINSRC_NEVER_FALSE=''
GENINSRC_NEVER_TRUE='#'
GMSGFMT=':'
GREP='/usr/bin/grep'
HDEFINES=''
INCINTL=''
INSTALL_DATA='/usr/bin/install -c -m 644'
INSTALL_PROGRAM='/usr/bin/install -c'
INSTALL_SCRIPT='/usr/bin/install -c'
INSTALL_STRIP_PROGRAM='$(install_sh) -c -s'
INSTOBJEXT='.mo'
LD='ld'
LDFLAGS='-static-libstdc++ -static-libgcc '
LEX='/home/parallels/os161/toolbuild/binutils-2.24+os161-2.1/missing flex'
LEXLIB=''
LEX_OUTPUT_ROOT='lex.yy'
LIBICONV=''
LIBINTL=''
LIBINTL_DEP=''
LIBOBJS=''
LIBS='-lz '
LIBTOOL='$(SHELL) $(top_builddir)/libtool'
LIPO=''
LN_S='ln -s'
LTLIBICONV=''
LTLIBOBJS=''
MAINT='#'
MAINTAINER_MODE_FALSE=''
MAINTAINER_MODE_TRUE='#'
MAKEINFO='/home/parallels/os161/toolbuild/binutils-2.24+os161-2.1/missing makeinfo --split-size=5000000'
MKDIR_P='/usr/bin/mkdir -p'
MKINSTALLDIRS='$(top_builddir)/./../mkinstalldirs'
MSGFMT=':'
MSGMERGE=':'
NLMCONV_DEFS=''
NM='nm'
NMEDIT=''
NO_WERROR=''
OBJDUMP='objdump'
OBJDUMP_DEFS=' -DOBJDUMP_PRIVATE_VECTORS=""'
OBJDUMP_PRIVATE_OFILES=''
OBJEXT='o'
OTOOL64=''
OTOOL=''
PACKAGE='binutils'
PACKAGE_BUGREPORT=''
PACKAGE_NAME=''
PACKAGE_STRING=''
PACKAGE_TARNAME=''
PACKAGE_URL=''
PACKAGE_VERSION=''
PATH_SEPARATOR=':'
POSUB='po'
RANLIB='ranlib'
SED='/usr/bin/sed'
SET_MAKE=''
SHELL='/bin/bash'
STRIP='strip'
USE_NLS='yes'
VERSION='2.24'
WARN_CFLAGS='-W -Wall -Wstrict-prototypes -Wmissing-prototypes -Wshadow'
XGETTEXT=':'
YACC='/home/parallels/os161/toolbuild/binutils-2.24+os161-2.1/missing bison -y'
YFLAGS=''
ac_ct_CC=''
ac_ct_DUMPBIN=''
am__EXEEXT_FALSE=''
am__EXEEXT_TRUE='#'
am__fastdepCC_FALSE='#'
am__fastdepCC_TRUE=''
am__include='include'
am__isrc=''
am__leading_dot='.'
am__quote=''
am__tar='${AMTAR} chof - "$$tardir"'
am__untar='${AMTAR} xf -'
bindir='${exec_prefix}/bin'
build='aarch64-unknown-linux-gnu'
build_alias='aarch64-unknown-linux-gnu'
build_cpu='aarch64'
build_os='linux-gnu'
build_vendor='unknown'
datadir='${datarootdir}'
datarootdir='${prefix}/share'
docdir='${datarootdir}/doc/${PACKAGE}'
dvidir='${docdir}'
exec_prefix='${prefix}'
host='aarch64-unknown-linux-gnu'
host_alias='aarch64-unknown-linux-gnu'
host_cpu='aarch64'
host_os='linux-gnu'
host_vendor='unknown'
htmldir='${docdir}'
includedir='${prefix}/include'
infodir='${datarootdir}/info'
install_sh='${SHELL} /home/parallels/os161/toolbuild/binutils-2.24+os161-2.1/install-sh'
libdir='${exec_prefix}/lib'
libexecdir='${exec_prefix}/libexec'
localedir='${datarootdir}/locale'
localstatedir='${prefix}/var'
mandir='${datarootdir}/man'
mkdir_p='/usr/bin/mkdir -p'
oldincludedir='/usr/include'
pdfdir='${docdir}'
prefix='/home/parallels/os161/tools'
program_transform_name='s&^&mips-harvard-os161-&'
psdir='${docdir}'
sbindir='${exec_prefix}/sbin'
sharedstatedir='${prefix}/com'
sysconfdir='${prefix}/etc'
target='mips-harvard-os161'
target_alias='mips-harvard-os161'
target_cpu='mips'
target_os='os161'
target_vendor='harvard'

## ----------- ##
## confdefs.h. ##
## ----------- ##

/* confdefs.h */
#define PACKAGE_NAME ""
#define PACKAGE_TARNAME ""
#define PACKAGE_VERSION ""
#define PACKAGE_STRING ""
#define PACKAGE_BUGREPORT ""
#define PACKAGE_URL ""
#define PACKAGE "binutils"
#define VERSION "2.24"
#define STDC_HEADERS 1
#define HAVE_SYS_TYPES_H 1
#define HAVE_SYS_STAT_H 1
#define HAVE_STDLIB_H 1
#define HAVE_STRING_H 1
#define HAVE_MEMORY_H 1
#define HAVE_STRINGS_H 1
#define HAVE_INTTYPES_H 1
#define HAVE_STDINT_H 1
#define HAVE_UNISTD_H 1
#define __EXTENSIONS__ 1
#define _ALL_SOURCE 1
#define _GNU_SOURCE 1
#define _POSIX_PTHREAD_SEMANTICS 1
#define _TANDEM_SOURCE 1
#define HAVE_DLFCN_H 1
#define LT_OBJDIR ".libs/"
#define DEFAULT_AR_DETERMINISTIC 0
#define YYTEXT_POINTER 1
#define ENABLE_NLS 1
#define EXECUTABLE_SUFFIX ""
#define HAVE_STRING_H 1
#define HAVE_STRINGS_H 1
#define HAVE_STDLIB_H 1
#define HAVE_UNISTD_H 1
#define HAVE_FCNTL_H 1
#define HAVE_SYS_FILE_H 1
#define HAVE_LIMITS_H 1
#define HAVE_LOCALE_H 1
#define HAVE_SYS_PARAM_H 1
#define HAVE_WCHAR_H 1
#define HAVE_SYS_WAIT_H 1
#define STRING_WITH_STRINGS 1
#define HAVE_ALLOCA_H 1
#define HAVE_ALLOCA 1
#define HAVE_SBRK 1
#define HAVE_UTIMES 1
#define HAVE_GETC_UNLOCKED 1
#define HAVE_STRCOLL 1
#define HAVE_SETLOCALE 1
#define HAVE_MKSTEMP 1
#define HAVE_MKDTEMP 1
#define HAVE_MBSTATE_T 1
#define HAVE_LC_MESSAGES 1
#define HAVE_TIME_T_IN_TIME_H 1
#define HAVE_TIME_T_IN_TYPES_H 1
#define HAVE_DECL_GETOPT 1
#define HAVE_GOOD_UTIME_H 1
#define HAVE_DECL_ENVIRON 1
#define HAVE_DECL_FPRINTF 1
#define HAVE_DECL_GETC_UNLOCKED 1
#define HAVE_DECL_GETENV 1
#define HAVE_DECL_SBRK 1
#define HAVE_DECL_SNPRINTF 1
#define HAVE_DECL_STPCPY 1
#define HAVE_DECL_STRNLEN 1
#define HAVE_DECL_STRSTR 1
#define HAVE_DECL_VSNPRINTF 1
#define HAVE_ZLIB_H 1
#define HAVE_ICONV 1
#define ICONV_CONST 
#define TARGET "mips-harvard-os161"
#define TARGET_PREPENDS_UNDERSCORE 0

configure: exit 0
